[     840ms] [LOG] [Fast Refresh] rebuilding @ webpack-internal:///(app-pages-browser)/./node_modules/next/dist/client/dev/hot-reloader/app/hot-reloader-app.js:196
[    4108ms] [LOG] [Fast Refresh] done in 3268ms @ webpack-internal:///(app-pages-browser)/./node_modules/next/dist/client/dev/report-hmr-latency.js:13
[    7775ms] [ERROR] Failed to load resource: the server responded with a status of 500 (Internal Server Error) @ http://localhost:3001/:0
[    8341ms] [INFO] %cDownload the React DevTools for a better development experience: https://react.dev/link/react-devtools font-weight:bold @ webpack-internal:///(pages-dir-browser)/./node_modules/react-dom/cjs/react-dom-client.development.js:28004
[    8656ms] SyntaxError: Unexpected end of JSON input
    at JSON.parse (<anonymous>)
    at loadManifest (file://C:\Users\HP\OneDrive\Desktop\personalwebsite\node_modules\next\dist\server\load-manifest.external.js:43:25)
    at loadManifestFromRelativePath (file://C:\Users\HP\OneDrive\Desktop\personalwebsite\node_modules\next\dist\server\load-manifest.external.js:84:16)
    at AppPageRouteModule.loadManifests (file://C:\Users\HP\OneDrive\Desktop\personalwebsite\node_modules\next\dist\compiled\next-server\app-page.runtime.dev.js:41:28726)
    at AppPageRouteModule.prepare (file://C:\Users\HP\OneDrive\Desktop\personalwebsite\node_modules\next\dist\compiled\next-server\app-page.runtime.dev.js:41:36772)
    at async handler (webpack-internal:///(rsc)/./node_modules/next/dist/build/webpack/loaders/next-app-loader/index.js?name=app%2Fpage&page=%2Fpage&appPaths=%2Fpage&pagePath=private-next-app-dir%2Fpage.tsx&appDir=C%3A%5CUsers%5CHP%5COneDrive%5CDesktop%5Cpersonalwebsite%5Csrc%5Capp&pageExtensions=tsx&pageExtensions=ts&pageExtensions=jsx&pageExtensions=js&rootDir=C%3A%5CUsers%5CHP%5COneDrive%5CDesktop%5Cpersonalwebsite&isDev=true&tsconfigPath=tsconfig.json&basePath=&assetPrefix=&nextConfigOutput=&preferredRegion=&middlewareConfig=e30%3D&isGlobalNotFoundEnabled=!:160:27)
    at async DevServer.renderToResponseWithComponentsImpl (file://C:\Users\HP\OneDrive\Desktop\personalwebsite\node_modules\next\dist\server\base-server.js:1430:9)
    at async DevServer.renderPageComponent (file://C:\Users\HP\OneDrive\Desktop\personalwebsite\node_modules\next\dist\server\base-server.js:1482:24)
    at async DevServer.renderToResponseImpl (file://C:\Users\HP\OneDrive\Desktop\personalwebsite\node_modules\next\dist\server\base-server.js:1522:32)
    at async DevServer.pipeImpl (file://C:\Users\HP\OneDrive\Desktop\personalwebsite\node_modules\next\dist\server\base-server.js:1026:25)
    at async NextNodeServer.handleCatchallRenderRequest (file://C:\Users\HP\OneDrive\Desktop\personalwebsite\node_modules\next\dist\server\next-server.js:394:17)
    at async DevServer.handleRequestImpl (file://C:\Users\HP\OneDrive\Desktop\personalwebsite\node_modules\next\dist\server\base-server.js:917:17)
    at async (file://C:\Users\HP\OneDrive\Desktop\personalwebsite\node_modules\next\dist\server\dev\next-dev-server.js:400:20)
    at async Span.traceAsyncFn (file://C:\Users\HP\OneDrive\Desktop\personalwebsite\node_modules\next\dist\trace\trace.js:157:20)
    at async DevServer.handleRequest (file://C:\Users\HP\OneDrive\Desktop\personalwebsite\node_modules\next\dist\server\dev\next-dev-server.js:396:24)
    at async invokeRender (file://C:\Users\HP\OneDrive\Desktop\personalwebsite\node_modules\next\dist\server\lib\router-server.js:240:21)
    at async handleRequest (file://C:\Users\HP\OneDrive\Desktop\personalwebsite\node_modules\next\dist\server\lib\router-server.js:437:24)
    at async requestHandlerImpl (file://C:\Users\HP\OneDrive\Desktop\personalwebsite\node_modules\next\dist\server\lib\router-server.js:485:13)
    at async Server.requestListener (file://C:\Users\HP\OneDrive\Desktop\personalwebsite\node_modules\next\dist\server\lib\start-server.js:226:13)
[    8642ms] [LOG] [HMR] connected @ webpack-internal:///(pages-dir-browser)/./node_modules/next/dist/client/dev/hot-reloader/pages/websocket.js:45
