[    1230ms] [INFO] %cDownload the React DevTools for a better development experience: https://react.dev/link/react-devtools font-weight:bold @ webpack-internal:///(app-pages-browser)/./node_modules/next/dist/compiled/react-dom/cjs/react-dom-client.development.js:25630
[ 2030522ms] [LOG] [Fast Refresh] rebuilding @ webpack-internal:///(app-pages-browser)/./node_modules/next/dist/client/dev/hot-reloader/app/hot-reloader-app.js:196
[ 2032148ms] [LOG] [Fast Refresh] done in 1628ms @ webpack-internal:///(app-pages-browser)/./node_modules/next/dist/client/dev/report-hmr-latency.js:13
[ 2045747ms] [LOG] [Fast Refresh] rebuilding @ webpack-internal:///(app-pages-browser)/./node_modules/next/dist/client/dev/hot-reloader/app/hot-reloader-app.js:196
[ 2046365ms] [LOG] [Fast Refresh] done in 618ms @ webpack-internal:///(app-pages-browser)/./node_modules/next/dist/client/dev/report-hmr-latency.js:13
[ 2046428ms] [LOG] [HMR] Detected local css modules. Reload all css @ webpack-internal:///(app-pages-browser)/./node_modules/next/dist/compiled/mini-css-extract-plugin/hmr/hotModuleReplacement.js:1
[ 2052887ms] [LOG] [Fast Refresh] rebuilding @ webpack-internal:///(app-pages-browser)/./node_modules/next/dist/client/dev/hot-reloader/app/hot-reloader-app.js:196
[ 2053394ms] [LOG] [Fast Refresh] done in 507ms @ webpack-internal:///(app-pages-browser)/./node_modules/next/dist/client/dev/report-hmr-latency.js:13
[ 2074152ms] [LOG] [Fast Refresh] rebuilding @ webpack-internal:///(app-pages-browser)/./node_modules/next/dist/client/dev/hot-reloader/app/hot-reloader-app.js:196
[ 2092276ms] [LOG] [Fast Refresh] done in 18124ms @ webpack-internal:///(app-pages-browser)/./node_modules/next/dist/client/dev/report-hmr-latency.js:13
[ 2276159ms] [LOG] [Fast Refresh] rebuilding @ webpack-internal:///(app-pages-browser)/./node_modules/next/dist/client/dev/hot-reloader/app/hot-reloader-app.js:196
[ 2276533ms] [LOG] [Fast Refresh] done in 375ms @ webpack-internal:///(app-pages-browser)/./node_modules/next/dist/client/dev/report-hmr-latency.js:13
[ 2285244ms] [LOG] [Fast Refresh] rebuilding @ webpack-internal:///(app-pages-browser)/./node_modules/next/dist/client/dev/hot-reloader/app/hot-reloader-app.js:196
[ 2285646ms] [LOG] [Fast Refresh] done in 402ms @ webpack-internal:///(app-pages-browser)/./node_modules/next/dist/client/dev/report-hmr-latency.js:13
[ 2300314ms] [LOG] [Fast Refresh] rebuilding @ webpack-internal:///(app-pages-browser)/./node_modules/next/dist/client/dev/hot-reloader/app/hot-reloader-app.js:196
[ 2300989ms] [LOG] [Fast Refresh] done in 674ms @ webpack-internal:///(app-pages-browser)/./node_modules/next/dist/client/dev/report-hmr-latency.js:13
[ 2304413ms] [LOG] [Fast Refresh] rebuilding @ webpack-internal:///(app-pages-browser)/./node_modules/next/dist/client/dev/hot-reloader/app/hot-reloader-app.js:196
[ 2304722ms] [LOG] [Fast Refresh] done in 309ms @ webpack-internal:///(app-pages-browser)/./node_modules/next/dist/client/dev/report-hmr-latency.js:13
[ 2309529ms] [LOG] [Fast Refresh] rebuilding @ webpack-internal:///(app-pages-browser)/./node_modules/next/dist/client/dev/hot-reloader/app/hot-reloader-app.js:196
[ 2309890ms] [LOG] [Fast Refresh] done in 361ms @ webpack-internal:///(app-pages-browser)/./node_modules/next/dist/client/dev/report-hmr-latency.js:13
[ 2313663ms] [LOG] [Fast Refresh] rebuilding @ webpack-internal:///(app-pages-browser)/./node_modules/next/dist/client/dev/hot-reloader/app/hot-reloader-app.js:196
[ 2314052ms] [LOG] [Fast Refresh] done in 388ms @ webpack-internal:///(app-pages-browser)/./node_modules/next/dist/client/dev/report-hmr-latency.js:13
[ 2338299ms] [LOG] [Fast Refresh] rebuilding @ webpack-internal:///(app-pages-browser)/./node_modules/next/dist/client/dev/hot-reloader/app/hot-reloader-app.js:196
[ 2339890ms] [LOG] [Fast Refresh] done in 1591ms @ webpack-internal:///(app-pages-browser)/./node_modules/next/dist/client/dev/report-hmr-latency.js:13
[ 2369568ms] [LOG] [Fast Refresh] rebuilding @ webpack-internal:///(app-pages-browser)/./node_modules/next/dist/client/dev/hot-reloader/app/hot-reloader-app.js:196
[ 2371038ms] [LOG] [Fast Refresh] done in 1469ms @ webpack-internal:///(app-pages-browser)/./node_modules/next/dist/client/dev/report-hmr-latency.js:13
[ 2371081ms] [LOG] [HMR] Detected local css modules. Reload all css @ webpack-internal:///(app-pages-browser)/./node_modules/next/dist/compiled/mini-css-extract-plugin/hmr/hotModuleReplacement.js:1
[ 2374524ms] [WARNING] The resource http://localhost:3001/_next/static/css/app/layout.css?1782213690252 was preloaded using link preload but not used within a few seconds from the window's load event. Please make sure it has an appropriate `as` value and it is preloaded intentionally. @ http://localhost:3001/:0
[ 2374526ms] [WARNING] The resource http://localhost:3001/_next/static/css/app/page.css?1782213690253 was preloaded using link preload but not used within a few seconds from the window's load event. Please make sure it has an appropriate `as` value and it is preloaded intentionally. @ http://localhost:3001/:0
[ 2380977ms] [LOG] [Fast Refresh] rebuilding @ webpack-internal:///(app-pages-browser)/./node_modules/next/dist/client/dev/hot-reloader/app/hot-reloader-app.js:196
[ 2382222ms] [LOG] [Fast Refresh] done in 1245ms @ webpack-internal:///(app-pages-browser)/./node_modules/next/dist/client/dev/report-hmr-latency.js:13
[ 2382265ms] [LOG] [HMR] Detected local css modules. Reload all css @ webpack-internal:///(app-pages-browser)/./node_modules/next/dist/compiled/mini-css-extract-plugin/hmr/hotModuleReplacement.js:1
[ 2385562ms] [WARNING] The resource http://localhost:3001/_next/static/css/app/layout.css?1782213690252 was preloaded using link preload but not used within a few seconds from the window's load event. Please make sure it has an appropriate `as` value and it is preloaded intentionally. @ http://localhost:3001/:0
[ 2385562ms] [WARNING] The resource http://localhost:3001/_next/static/css/app/layout.css?1782213701436 was preloaded using link preload but not used within a few seconds from the window's load event. Please make sure it has an appropriate `as` value and it is preloaded intentionally. @ http://localhost:3001/:0
[ 2385562ms] [WARNING] The resource http://localhost:3001/_next/static/css/app/page.css?1782213690253 was preloaded using link preload but not used within a few seconds from the window's load event. Please make sure it has an appropriate `as` value and it is preloaded intentionally. @ http://localhost:3001/:0
[ 2385562ms] [WARNING] The resource http://localhost:3001/_next/static/css/app/page.css?1782213701436 was preloaded using link preload but not used within a few seconds from the window's load event. Please make sure it has an appropriate `as` value and it is preloaded intentionally. @ http://localhost:3001/:0
[ 2386646ms] [LOG] [Fast Refresh] rebuilding @ webpack-internal:///(app-pages-browser)/./node_modules/next/dist/client/dev/hot-reloader/app/hot-reloader-app.js:196
[ 2387014ms] [LOG] [Fast Refresh] done in 367ms @ webpack-internal:///(app-pages-browser)/./node_modules/next/dist/client/dev/report-hmr-latency.js:13
[ 2387062ms] [LOG] [HMR] Detected local css modules. Reload all css @ webpack-internal:///(app-pages-browser)/./node_modules/next/dist/compiled/mini-css-extract-plugin/hmr/hotModuleReplacement.js:1
[ 2390583ms] [WARNING] The resource http://localhost:3001/_next/static/css/app/page.css?1782213706234 was preloaded using link preload but not used within a few seconds from the window's load event. Please make sure it has an appropriate `as` value and it is preloaded intentionally. @ http://localhost:3001/:0
[ 2390583ms] [WARNING] The resource http://localhost:3001/_next/static/css/app/layout.css?1782213690252 was preloaded using link preload but not used within a few seconds from the window's load event. Please make sure it has an appropriate `as` value and it is preloaded intentionally. @ http://localhost:3001/:0
[ 2390583ms] [WARNING] The resource http://localhost:3001/_next/static/css/app/layout.css?1782213706234 was preloaded using link preload but not used within a few seconds from the window's load event. Please make sure it has an appropriate `as` value and it is preloaded intentionally. @ http://localhost:3001/:0
[ 2390583ms] [WARNING] The resource http://localhost:3001/_next/static/css/app/layout.css?1782213701436 was preloaded using link preload but not used within a few seconds from the window's load event. Please make sure it has an appropriate `as` value and it is preloaded intentionally. @ http://localhost:3001/:0
[ 2390583ms] [WARNING] The resource http://localhost:3001/_next/static/css/app/page.css?1782213690253 was preloaded using link preload but not used within a few seconds from the window's load event. Please make sure it has an appropriate `as` value and it is preloaded intentionally. @ http://localhost:3001/:0
[ 2390583ms] [WARNING] The resource http://localhost:3001/_next/static/css/app/page.css?1782213706233 was preloaded using link preload but not used within a few seconds from the window's load event. Please make sure it has an appropriate `as` value and it is preloaded intentionally. @ http://localhost:3001/:0
[ 2390583ms] [WARNING] The resource http://localhost:3001/_next/static/css/app/page.css?1782213701436 was preloaded using link preload but not used within a few seconds from the window's load event. Please make sure it has an appropriate `as` value and it is preloaded intentionally. @ http://localhost:3001/:0
[ 2390583ms] [WARNING] The resource http://localhost:3001/_next/static/css/app/layout.css?1782213706233 was preloaded using link preload but not used within a few seconds from the window's load event. Please make sure it has an appropriate `as` value and it is preloaded intentionally. @ http://localhost:3001/:0
[ 2393763ms] [LOG] [Fast Refresh] rebuilding @ webpack-internal:///(app-pages-browser)/./node_modules/next/dist/client/dev/hot-reloader/app/hot-reloader-app.js:196
[ 2394056ms] [LOG] [Fast Refresh] done in 293ms @ webpack-internal:///(app-pages-browser)/./node_modules/next/dist/client/dev/report-hmr-latency.js:13
[ 2397058ms] [WARNING] The resource http://localhost:3001/_next/static/css/app/page.css?1782213706234 was preloaded using link preload but not used within a few seconds from the window's load event. Please make sure it has an appropriate `as` value and it is preloaded intentionally. @ http://localhost:3001/:0
[ 2397058ms] [WARNING] The resource http://localhost:3001/_next/static/css/app/layout.css?1782213690252 was preloaded using link preload but not used within a few seconds from the window's load event. Please make sure it has an appropriate `as` value and it is preloaded intentionally. @ http://localhost:3001/:0
[ 2397058ms] [WARNING] The resource http://localhost:3001/_next/static/css/app/layout.css?1782213706234 was preloaded using link preload but not used within a few seconds from the window's load event. Please make sure it has an appropriate `as` value and it is preloaded intentionally. @ http://localhost:3001/:0
[ 2397058ms] [WARNING] The resource http://localhost:3001/_next/static/css/app/layout.css?1782213701436 was preloaded using link preload but not used within a few seconds from the window's load event. Please make sure it has an appropriate `as` value and it is preloaded intentionally. @ http://localhost:3001/:0
[ 2397058ms] [WARNING] The resource http://localhost:3001/_next/static/css/app/page.css?1782213690253 was preloaded using link preload but not used within a few seconds from the window's load event. Please make sure it has an appropriate `as` value and it is preloaded intentionally. @ http://localhost:3001/:0
[ 2397058ms] [WARNING] The resource http://localhost:3001/_next/static/css/app/page.css?1782213706233 was preloaded using link preload but not used within a few seconds from the window's load event. Please make sure it has an appropriate `as` value and it is preloaded intentionally. @ http://localhost:3001/:0
[ 2397058ms] [WARNING] The resource http://localhost:3001/_next/static/css/app/page.css?1782213701436 was preloaded using link preload but not used within a few seconds from the window's load event. Please make sure it has an appropriate `as` value and it is preloaded intentionally. @ http://localhost:3001/:0
[ 2397059ms] [WARNING] The resource http://localhost:3001/_next/static/css/app/layout.css?1782213706233 was preloaded using link preload but not used within a few seconds from the window's load event. Please make sure it has an appropriate `as` value and it is preloaded intentionally. @ http://localhost:3001/:0
[ 2457711ms] [LOG] [Fast Refresh] rebuilding @ webpack-internal:///(app-pages-browser)/./node_modules/next/dist/client/dev/hot-reloader/app/hot-reloader-app.js:196
[ 2458339ms] [LOG] [Fast Refresh] done in 628ms @ webpack-internal:///(app-pages-browser)/./node_modules/next/dist/client/dev/report-hmr-latency.js:13
[ 2461350ms] [WARNING] The resource http://localhost:3001/_next/static/css/app/page.css?1782213706234 was preloaded using link preload but not used within a few seconds from the window's load event. Please make sure it has an appropriate `as` value and it is preloaded intentionally. @ http://localhost:3001/:0
[ 2461350ms] [WARNING] The resource http://localhost:3001/_next/static/css/app/layout.css?1782213690252 was preloaded using link preload but not used within a few seconds from the window's load event. Please make sure it has an appropriate `as` value and it is preloaded intentionally. @ http://localhost:3001/:0
[ 2461350ms] [WARNING] The resource http://localhost:3001/_next/static/css/app/layout.css?1782213706234 was preloaded using link preload but not used within a few seconds from the window's load event. Please make sure it has an appropriate `as` value and it is preloaded intentionally. @ http://localhost:3001/:0
[ 2461350ms] [WARNING] The resource http://localhost:3001/_next/static/css/app/layout.css?1782213701436 was preloaded using link preload but not used within a few seconds from the window's load event. Please make sure it has an appropriate `as` value and it is preloaded intentionally. @ http://localhost:3001/:0
[ 2461350ms] [WARNING] The resource http://localhost:3001/_next/static/css/app/page.css?1782213690253 was preloaded using link preload but not used within a few seconds from the window's load event. Please make sure it has an appropriate `as` value and it is preloaded intentionally. @ http://localhost:3001/:0
[ 2461350ms] [WARNING] The resource http://localhost:3001/_next/static/css/app/page.css?1782213706233 was preloaded using link preload but not used within a few seconds from the window's load event. Please make sure it has an appropriate `as` value and it is preloaded intentionally. @ http://localhost:3001/:0
[ 2461350ms] [WARNING] The resource http://localhost:3001/_next/static/css/app/page.css?1782213701436 was preloaded using link preload but not used within a few seconds from the window's load event. Please make sure it has an appropriate `as` value and it is preloaded intentionally. @ http://localhost:3001/:0
[ 2461350ms] [WARNING] The resource http://localhost:3001/_next/static/css/app/layout.css?1782213706233 was preloaded using link preload but not used within a few seconds from the window's load event. Please make sure it has an appropriate `as` value and it is preloaded intentionally. @ http://localhost:3001/:0
[ 2471962ms] [LOG] [Fast Refresh] rebuilding @ webpack-internal:///(app-pages-browser)/./node_modules/next/dist/client/dev/hot-reloader/app/hot-reloader-app.js:196
[ 2472329ms] [LOG] [Fast Refresh] done in 366ms @ webpack-internal:///(app-pages-browser)/./node_modules/next/dist/client/dev/report-hmr-latency.js:13
[ 2475348ms] [WARNING] The resource http://localhost:3001/_next/static/css/app/page.css?1782213706234 was preloaded using link preload but not used within a few seconds from the window's load event. Please make sure it has an appropriate `as` value and it is preloaded intentionally. @ http://localhost:3001/:0
[ 2475348ms] [WARNING] The resource http://localhost:3001/_next/static/css/app/layout.css?1782213690252 was preloaded using link preload but not used within a few seconds from the window's load event. Please make sure it has an appropriate `as` value and it is preloaded intentionally. @ http://localhost:3001/:0
[ 2475348ms] [WARNING] The resource http://localhost:3001/_next/static/css/app/layout.css?1782213706234 was preloaded using link preload but not used within a few seconds from the window's load event. Please make sure it has an appropriate `as` value and it is preloaded intentionally. @ http://localhost:3001/:0
[ 2475348ms] [WARNING] The resource http://localhost:3001/_next/static/css/app/layout.css?1782213701436 was preloaded using link preload but not used within a few seconds from the window's load event. Please make sure it has an appropriate `as` value and it is preloaded intentionally. @ http://localhost:3001/:0
[ 2475349ms] [WARNING] The resource http://localhost:3001/_next/static/css/app/page.css?1782213690253 was preloaded using link preload but not used within a few seconds from the window's load event. Please make sure it has an appropriate `as` value and it is preloaded intentionally. @ http://localhost:3001/:0
[ 2475349ms] [WARNING] The resource http://localhost:3001/_next/static/css/app/page.css?1782213706233 was preloaded using link preload but not used within a few seconds from the window's load event. Please make sure it has an appropriate `as` value and it is preloaded intentionally. @ http://localhost:3001/:0
[ 2475349ms] [WARNING] The resource http://localhost:3001/_next/static/css/app/page.css?1782213701436 was preloaded using link preload but not used within a few seconds from the window's load event. Please make sure it has an appropriate `as` value and it is preloaded intentionally. @ http://localhost:3001/:0
[ 2475349ms] [WARNING] The resource http://localhost:3001/_next/static/css/app/layout.css?1782213706233 was preloaded using link preload but not used within a few seconds from the window's load event. Please make sure it has an appropriate `as` value and it is preloaded intentionally. @ http://localhost:3001/:0
[ 2480342ms] [LOG] [Fast Refresh] rebuilding @ webpack-internal:///(app-pages-browser)/./node_modules/next/dist/client/dev/hot-reloader/app/hot-reloader-app.js:196
[ 2481108ms] [LOG] [Fast Refresh] done in 767ms @ webpack-internal:///(app-pages-browser)/./node_modules/next/dist/client/dev/report-hmr-latency.js:13
[ 2481148ms] [LOG] [HMR] Detected local css modules. Reload all css @ webpack-internal:///(app-pages-browser)/./node_modules/next/dist/compiled/mini-css-extract-plugin/hmr/hotModuleReplacement.js:1
[ 2484988ms] [WARNING] The resource http://localhost:3001/_next/static/css/app/page.css?1782213706234 was preloaded using link preload but not used within a few seconds from the window's load event. Please make sure it has an appropriate `as` value and it is preloaded intentionally. @ http://localhost:3001/:0
[ 2484988ms] [WARNING] The resource http://localhost:3001/_next/static/css/app/layout.css?1782213690252 was preloaded using link preload but not used within a few seconds from the window's load event. Please make sure it has an appropriate `as` value and it is preloaded intentionally. @ http://localhost:3001/:0
[ 2484988ms] [WARNING] The resource http://localhost:3001/_next/static/css/app/layout.css?1782213706234 was preloaded using link preload but not used within a few seconds from the window's load event. Please make sure it has an appropriate `as` value and it is preloaded intentionally. @ http://localhost:3001/:0
[ 2484988ms] [WARNING] The resource http://localhost:3001/_next/static/css/app/layout.css?1782213701436 was preloaded using link preload but not used within a few seconds from the window's load event. Please make sure it has an appropriate `as` value and it is preloaded intentionally. @ http://localhost:3001/:0
[ 2484988ms] [WARNING] The resource http://localhost:3001/_next/static/css/app/layout.css?1782213800318 was preloaded using link preload but not used within a few seconds from the window's load event. Please make sure it has an appropriate `as` value and it is preloaded intentionally. @ http://localhost:3001/:0
[ 2484988ms] [WARNING] The resource http://localhost:3001/_next/static/css/app/page.css?1782213690253 was preloaded using link preload but not used within a few seconds from the window's load event. Please make sure it has an appropriate `as` value and it is preloaded intentionally. @ http://localhost:3001/:0
[ 2484988ms] [WARNING] The resource http://localhost:3001/_next/static/css/app/page.css?1782213800319 was preloaded using link preload but not used within a few seconds from the window's load event. Please make sure it has an appropriate `as` value and it is preloaded intentionally. @ http://localhost:3001/:0
[ 2484988ms] [WARNING] The resource http://localhost:3001/_next/static/css/app/layout.css?1782213800319 was preloaded using link preload but not used within a few seconds from the window's load event. Please make sure it has an appropriate `as` value and it is preloaded intentionally. @ http://localhost:3001/:0
[ 2484988ms] [WARNING] The resource http://localhost:3001/_next/static/css/app/page.css?1782213706233 was preloaded using link preload but not used within a few seconds from the window's load event. Please make sure it has an appropriate `as` value and it is preloaded intentionally. @ http://localhost:3001/:0
[ 2484988ms] [WARNING] The resource http://localhost:3001/_next/static/css/app/page.css?1782213701436 was preloaded using link preload but not used within a few seconds from the window's load event. Please make sure it has an appropriate `as` value and it is preloaded intentionally. @ http://localhost:3001/:0
[ 2484988ms] [WARNING] The resource http://localhost:3001/_next/static/css/app/layout.css?1782213706233 was preloaded using link preload but not used within a few seconds from the window's load event. Please make sure it has an appropriate `as` value and it is preloaded intentionally. @ http://localhost:3001/:0
[ 2493460ms] [LOG] [Fast Refresh] rebuilding @ webpack-internal:///(app-pages-browser)/./node_modules/next/dist/client/dev/hot-reloader/app/hot-reloader-app.js:196
[ 2493885ms] [LOG] [Fast Refresh] done in 424ms @ webpack-internal:///(app-pages-browser)/./node_modules/next/dist/client/dev/report-hmr-latency.js:13
[ 2493915ms] [LOG] [HMR] Detected local css modules. Reload all css @ webpack-internal:///(app-pages-browser)/./node_modules/next/dist/compiled/mini-css-extract-plugin/hmr/hotModuleReplacement.js:1
[ 2497667ms] [WARNING] The resource http://localhost:3001/_next/static/css/app/page.css?1782213690253 was preloaded using link preload but not used within a few seconds from the window's load event. Please make sure it has an appropriate `as` value and it is preloaded intentionally. @ http://localhost:3001/:0
[ 2497667ms] [WARNING] The resource http://localhost:3001/_next/static/css/app/layout.css?1782213813086 was preloaded using link preload but not used within a few seconds from the window's load event. Please make sure it has an appropriate `as` value and it is preloaded intentionally. @ http://localhost:3001/:0
[ 2497667ms] [WARNING] The resource http://localhost:3001/_next/static/css/app/page.css?1782213706234 was preloaded using link preload but not used within a few seconds from the window's load event. Please make sure it has an appropriate `as` value and it is preloaded intentionally. @ http://localhost:3001/:0
[ 2497667ms] [WARNING] The resource http://localhost:3001/_next/static/css/app/layout.css?1782213690252 was preloaded using link preload but not used within a few seconds from the window's load event. Please make sure it has an appropriate `as` value and it is preloaded intentionally. @ http://localhost:3001/:0
[ 2497667ms] [WARNING] The resource http://localhost:3001/_next/static/css/app/layout.css?1782213706234 was preloaded using link preload but not used within a few seconds from the window's load event. Please make sure it has an appropriate `as` value and it is preloaded intentionally. @ http://localhost:3001/:0
[ 2497667ms] [WARNING] The resource http://localhost:3001/_next/static/css/app/layout.css?1782213701436 was preloaded using link preload but not used within a few seconds from the window's load event. Please make sure it has an appropriate `as` value and it is preloaded intentionally. @ http://localhost:3001/:0
[ 2497667ms] [WARNING] The resource http://localhost:3001/_next/static/css/app/layout.css?1782213800318 was preloaded using link preload but not used within a few seconds from the window's load event. Please make sure it has an appropriate `as` value and it is preloaded intentionally. @ http://localhost:3001/:0
[ 2497667ms] [WARNING] The resource http://localhost:3001/_next/static/css/app/page.css?1782213800319 was preloaded using link preload but not used within a few seconds from the window's load event. Please make sure it has an appropriate `as` value and it is preloaded intentionally. @ http://localhost:3001/:0
[ 2497667ms] [WARNING] The resource http://localhost:3001/_next/static/css/app/layout.css?1782213800319 was preloaded using link preload but not used within a few seconds from the window's load event. Please make sure it has an appropriate `as` value and it is preloaded intentionally. @ http://localhost:3001/:0
[ 2497667ms] [WARNING] The resource http://localhost:3001/_next/static/css/app/page.css?1782213813086 was preloaded using link preload but not used within a few seconds from the window's load event. Please make sure it has an appropriate `as` value and it is preloaded intentionally. @ http://localhost:3001/:0
[ 2497667ms] [WARNING] The resource http://localhost:3001/_next/static/css/app/page.css?1782213706233 was preloaded using link preload but not used within a few seconds from the window's load event. Please make sure it has an appropriate `as` value and it is preloaded intentionally. @ http://localhost:3001/:0
[ 2497667ms] [WARNING] The resource http://localhost:3001/_next/static/css/app/page.css?1782213701436 was preloaded using link preload but not used within a few seconds from the window's load event. Please make sure it has an appropriate `as` value and it is preloaded intentionally. @ http://localhost:3001/:0
[ 2497667ms] [WARNING] The resource http://localhost:3001/_next/static/css/app/layout.css?1782213706233 was preloaded using link preload but not used within a few seconds from the window's load event. Please make sure it has an appropriate `as` value and it is preloaded intentionally. @ http://localhost:3001/:0
[ 2503379ms] [LOG] [Fast Refresh] rebuilding @ webpack-internal:///(app-pages-browser)/./node_modules/next/dist/client/dev/hot-reloader/app/hot-reloader-app.js:196
[ 2503805ms] [LOG] [Fast Refresh] done in 426ms @ webpack-internal:///(app-pages-browser)/./node_modules/next/dist/client/dev/report-hmr-latency.js:13
[ 2503840ms] [LOG] [HMR] Detected local css modules. Reload all css @ webpack-internal:///(app-pages-browser)/./node_modules/next/dist/compiled/mini-css-extract-plugin/hmr/hotModuleReplacement.js:1
[ 2507521ms] [WARNING] The resource http://localhost:3001/_next/static/css/app/page.css?1782213823012 was preloaded using link preload but not used within a few seconds from the window's load event. Please make sure it has an appropriate `as` value and it is preloaded intentionally. @ http://localhost:3001/:0
[ 2507521ms] [WARNING] The resource http://localhost:3001/_next/static/css/app/page.css?1782213823013 was preloaded using link preload but not used within a few seconds from the window's load event. Please make sure it has an appropriate `as` value and it is preloaded intentionally. @ http://localhost:3001/:0
[ 2507521ms] [WARNING] The resource http://localhost:3001/_next/static/css/app/page.css?1782213690253 was preloaded using link preload but not used within a few seconds from the window's load event. Please make sure it has an appropriate `as` value and it is preloaded intentionally. @ http://localhost:3001/:0
[ 2507521ms] [WARNING] The resource http://localhost:3001/_next/static/css/app/layout.css?1782213823012 was preloaded using link preload but not used within a few seconds from the window's load event. Please make sure it has an appropriate `as` value and it is preloaded intentionally. @ http://localhost:3001/:0
[ 2507521ms] [WARNING] The resource http://localhost:3001/_next/static/css/app/layout.css?1782213813086 was preloaded using link preload but not used within a few seconds from the window's load event. Please make sure it has an appropriate `as` value and it is preloaded intentionally. @ http://localhost:3001/:0
[ 2507521ms] [WARNING] The resource http://localhost:3001/_next/static/css/app/page.css?1782213823011 was preloaded using link preload but not used within a few seconds from the window's load event. Please make sure it has an appropriate `as` value and it is preloaded intentionally. @ http://localhost:3001/:0
[ 2507521ms] [WARNING] The resource http://localhost:3001/_next/static/css/app/page.css?1782213706234 was preloaded using link preload but not used within a few seconds from the window's load event. Please make sure it has an appropriate `as` value and it is preloaded intentionally. @ http://localhost:3001/:0
[ 2507522ms] [WARNING] The resource http://localhost:3001/_next/static/css/app/layout.css?1782213823010 was preloaded using link preload but not used within a few seconds from the window's load event. Please make sure it has an appropriate `as` value and it is preloaded intentionally. @ http://localhost:3001/:0
[ 2507522ms] [WARNING] The resource http://localhost:3001/_next/static/css/app/layout.css?1782213690252 was preloaded using link preload but not used within a few seconds from the window's load event. Please make sure it has an appropriate `as` value and it is preloaded intentionally. @ http://localhost:3001/:0
[ 2507522ms] [WARNING] The resource http://localhost:3001/_next/static/css/app/layout.css?1782213706234 was preloaded using link preload but not used within a few seconds from the window's load event. Please make sure it has an appropriate `as` value and it is preloaded intentionally. @ http://localhost:3001/:0
[ 2507522ms] [WARNING] The resource http://localhost:3001/_next/static/css/app/layout.css?1782213823011 was preloaded using link preload but not used within a few seconds from the window's load event. Please make sure it has an appropriate `as` value and it is preloaded intentionally. @ http://localhost:3001/:0
[ 2507522ms] [WARNING] The resource http://localhost:3001/_next/static/css/app/layout.css?1782213701436 was preloaded using link preload but not used within a few seconds from the window's load event. Please make sure it has an appropriate `as` value and it is preloaded intentionally. @ http://localhost:3001/:0
[ 2507522ms] [WARNING] The resource http://localhost:3001/_next/static/css/app/layout.css?1782213800318 was preloaded using link preload but not used within a few seconds from the window's load event. Please make sure it has an appropriate `as` value and it is preloaded intentionally. @ http://localhost:3001/:0
[ 2507522ms] [WARNING] The resource http://localhost:3001/_next/static/css/app/layout.css?1782213823013 was preloaded using link preload but not used within a few seconds from the window's load event. Please make sure it has an appropriate `as` value and it is preloaded intentionally. @ http://localhost:3001/:0
[ 2507522ms] [WARNING] The resource http://localhost:3001/_next/static/css/app/page.css?1782213800319 was preloaded using link preload but not used within a few seconds from the window's load event. Please make sure it has an appropriate `as` value and it is preloaded intentionally. @ http://localhost:3001/:0
[ 2507522ms] [WARNING] The resource http://localhost:3001/_next/static/css/app/layout.css?1782213800319 was preloaded using link preload but not used within a few seconds from the window's load event. Please make sure it has an appropriate `as` value and it is preloaded intentionally. @ http://localhost:3001/:0
[ 2507522ms] [WARNING] The resource http://localhost:3001/_next/static/css/app/page.css?1782213813086 was preloaded using link preload but not used within a few seconds from the window's load event. Please make sure it has an appropriate `as` value and it is preloaded intentionally. @ http://localhost:3001/:0
[ 2507522ms] [WARNING] The resource http://localhost:3001/_next/static/css/app/page.css?1782213706233 was preloaded using link preload but not used within a few seconds from the window's load event. Please make sure it has an appropriate `as` value and it is preloaded intentionally. @ http://localhost:3001/:0
[ 2507522ms] [WARNING] The resource http://localhost:3001/_next/static/css/app/page.css?1782213701436 was preloaded using link preload but not used within a few seconds from the window's load event. Please make sure it has an appropriate `as` value and it is preloaded intentionally. @ http://localhost:3001/:0
[ 2507522ms] [WARNING] The resource http://localhost:3001/_next/static/css/app/layout.css?1782213706233 was preloaded using link preload but not used within a few seconds from the window's load event. Please make sure it has an appropriate `as` value and it is preloaded intentionally. @ http://localhost:3001/:0
[ 2542744ms] [LOG] [Fast Refresh] rebuilding @ webpack-internal:///(app-pages-browser)/./node_modules/next/dist/client/dev/hot-reloader/app/hot-reloader-app.js:196
[ 2543210ms] [LOG] [Fast Refresh] done in 465ms @ webpack-internal:///(app-pages-browser)/./node_modules/next/dist/client/dev/report-hmr-latency.js:13
[ 2543247ms] [LOG] [HMR] Detected local css modules. Reload all css @ webpack-internal:///(app-pages-browser)/./node_modules/next/dist/compiled/mini-css-extract-plugin/hmr/hotModuleReplacement.js:1
[ 2546723ms] [WARNING] The resource http://localhost:3001/_next/static/css/app/page.css?1782213823012 was preloaded using link preload but not used within a few seconds from the window's load event. Please make sure it has an appropriate `as` value and it is preloaded intentionally. @ http://localhost:3001/:0
[ 2546723ms] [WARNING] The resource http://localhost:3001/_next/static/css/app/page.css?1782213823013 was preloaded using link preload but not used within a few seconds from the window's load event. Please make sure it has an appropriate `as` value and it is preloaded intentionally. @ http://localhost:3001/:0
[ 2546723ms] [WARNING] The resource http://localhost:3001/_next/static/css/app/layout.css?1782213862418 was preloaded using link preload but not used within a few seconds from the window's load event. Please make sure it has an appropriate `as` value and it is preloaded intentionally. @ http://localhost:3001/:0
[ 2546723ms] [WARNING] The resource http://localhost:3001/_next/static/css/app/page.css?1782213690253 was preloaded using link preload but not used within a few seconds from the window's load event. Please make sure it has an appropriate `as` value and it is preloaded intentionally. @ http://localhost:3001/:0
[ 2546723ms] [WARNING] The resource http://localhost:3001/_next/static/css/app/layout.css?1782213823012 was preloaded using link preload but not used within a few seconds from the window's load event. Please make sure it has an appropriate `as` value and it is preloaded intentionally. @ http://localhost:3001/:0
[ 2546723ms] [WARNING] The resource http://localhost:3001/_next/static/css/app/layout.css?1782213813086 was preloaded using link preload but not used within a few seconds from the window's load event. Please make sure it has an appropriate `as` value and it is preloaded intentionally. @ http://localhost:3001/:0
[ 2546723ms] [WARNING] The resource http://localhost:3001/_next/static/css/app/page.css?1782213823011 was preloaded using link preload but not used within a few seconds from the window's load event. Please make sure it has an appropriate `as` value and it is preloaded intentionally. @ http://localhost:3001/:0
[ 2546723ms] [WARNING] The resource http://localhost:3001/_next/static/css/app/page.css?1782213706234 was preloaded using link preload but not used within a few seconds from the window's load event. Please make sure it has an appropriate `as` value and it is preloaded intentionally. @ http://localhost:3001/:0
[ 2546723ms] [WARNING] The resource http://localhost:3001/_next/static/css/app/layout.css?1782213823010 was preloaded using link preload but not used within a few seconds from the window's load event. Please make sure it has an appropriate `as` value and it is preloaded intentionally. @ http://localhost:3001/:0
[ 2546723ms] [WARNING] The resource http://localhost:3001/_next/static/css/app/layout.css?1782213690252 was preloaded using link preload but not used within a few seconds from the window's load event. Please make sure it has an appropriate `as` value and it is preloaded intentionally. @ http://localhost:3001/:0
[ 2546723ms] [WARNING] The resource http://localhost:3001/_next/static/css/app/page.css?1782213862418 was preloaded using link preload but not used within a few seconds from the window's load event. Please make sure it has an appropriate `as` value and it is preloaded intentionally. @ http://localhost:3001/:0
[ 2546723ms] [WARNING] The resource http://localhost:3001/_next/static/css/app/layout.css?1782213706234 was preloaded using link preload but not used within a few seconds from the window's load event. Please make sure it has an appropriate `as` value and it is preloaded intentionally. @ http://localhost:3001/:0
[ 2546723ms] [WARNING] The resource http://localhost:3001/_next/static/css/app/layout.css?1782213823011 was preloaded using link preload but not used within a few seconds from the window's load event. Please make sure it has an appropriate `as` value and it is preloaded intentionally. @ http://localhost:3001/:0
[ 2546723ms] [WARNING] The resource http://localhost:3001/_next/static/css/app/layout.css?1782213701436 was preloaded using link preload but not used within a few seconds from the window's load event. Please make sure it has an appropriate `as` value and it is preloaded intentionally. @ http://localhost:3001/:0
[ 2546723ms] [WARNING] The resource http://localhost:3001/_next/static/css/app/layout.css?1782213800318 was preloaded using link preload but not used within a few seconds from the window's load event. Please make sure it has an appropriate `as` value and it is preloaded intentionally. @ http://localhost:3001/:0
[ 2546723ms] [WARNING] The resource http://localhost:3001/_next/static/css/app/layout.css?1782213823013 was preloaded using link preload but not used within a few seconds from the window's load event. Please make sure it has an appropriate `as` value and it is preloaded intentionally. @ http://localhost:3001/:0
[ 2546723ms] [WARNING] The resource http://localhost:3001/_next/static/css/app/page.css?1782213800319 was preloaded using link preload but not used within a few seconds from the window's load event. Please make sure it has an appropriate `as` value and it is preloaded intentionally. @ http://localhost:3001/:0
[ 2546723ms] [WARNING] The resource http://localhost:3001/_next/static/css/app/layout.css?1782213800319 was preloaded using link preload but not used within a few seconds from the window's load event. Please make sure it has an appropriate `as` value and it is preloaded intentionally. @ http://localhost:3001/:0
[ 2546723ms] [WARNING] The resource http://localhost:3001/_next/static/css/app/page.css?1782213813086 was preloaded using link preload but not used within a few seconds from the window's load event. Please make sure it has an appropriate `as` value and it is preloaded intentionally. @ http://localhost:3001/:0
[ 2546723ms] [WARNING] The resource http://localhost:3001/_next/static/css/app/page.css?1782213706233 was preloaded using link preload but not used within a few seconds from the window's load event. Please make sure it has an appropriate `as` value and it is preloaded intentionally. @ http://localhost:3001/:0
[ 2546723ms] [WARNING] The resource http://localhost:3001/_next/static/css/app/page.css?1782213701436 was preloaded using link preload but not used within a few seconds from the window's load event. Please make sure it has an appropriate `as` value and it is preloaded intentionally. @ http://localhost:3001/:0
[ 2546723ms] [WARNING] The resource http://localhost:3001/_next/static/css/app/layout.css?1782213706233 was preloaded using link preload but not used within a few seconds from the window's load event. Please make sure it has an appropriate `as` value and it is preloaded intentionally. @ http://localhost:3001/:0
[ 2551729ms] [LOG] [Fast Refresh] rebuilding @ webpack-internal:///(app-pages-browser)/./node_modules/next/dist/client/dev/hot-reloader/app/hot-reloader-app.js:196
[ 2552053ms] [LOG] [Fast Refresh] done in 324ms @ webpack-internal:///(app-pages-browser)/./node_modules/next/dist/client/dev/report-hmr-latency.js:13
[ 2552087ms] [LOG] [HMR] Detected local css modules. Reload all css @ webpack-internal:///(app-pages-browser)/./node_modules/next/dist/compiled/mini-css-extract-plugin/hmr/hotModuleReplacement.js:1
[ 2555681ms] [WARNING] The resource http://localhost:3001/_next/static/css/app/page.css?1782213823012 was preloaded using link preload but not used within a few seconds from the window's load event. Please make sure it has an appropriate `as` value and it is preloaded intentionally. @ http://localhost:3001/:0
[ 2555682ms] [WARNING] The resource http://localhost:3001/_next/static/css/app/layout.css?1782213871259 was preloaded using link preload but not used within a few seconds from the window's load event. Please make sure it has an appropriate `as` value and it is preloaded intentionally. @ http://localhost:3001/:0
[ 2555682ms] [WARNING] The resource http://localhost:3001/_next/static/css/app/page.css?1782213823013 was preloaded using link preload but not used within a few seconds from the window's load event. Please make sure it has an appropriate `as` value and it is preloaded intentionally. @ http://localhost:3001/:0
[ 2555682ms] [WARNING] The resource http://localhost:3001/_next/static/css/app/layout.css?1782213862418 was preloaded using link preload but not used within a few seconds from the window's load event. Please make sure it has an appropriate `as` value and it is preloaded intentionally. @ http://localhost:3001/:0
[ 2555682ms] [WARNING] The resource http://localhost:3001/_next/static/css/app/layout.css?1782213871261 was preloaded using link preload but not used within a few seconds from the window's load event. Please make sure it has an appropriate `as` value and it is preloaded intentionally. @ http://localhost:3001/:0
[ 2555682ms] [WARNING] The resource http://localhost:3001/_next/static/css/app/page.css?1782213690253 was preloaded using link preload but not used within a few seconds from the window's load event. Please make sure it has an appropriate `as` value and it is preloaded intentionally. @ http://localhost:3001/:0
[ 2555682ms] [WARNING] The resource http://localhost:3001/_next/static/css/app/layout.css?1782213823012 was preloaded using link preload but not used within a few seconds from the window's load event. Please make sure it has an appropriate `as` value and it is preloaded intentionally. @ http://localhost:3001/:0
[ 2555682ms] [WARNING] The resource http://localhost:3001/_next/static/css/app/layout.css?1782213813086 was preloaded using link preload but not used within a few seconds from the window's load event. Please make sure it has an appropriate `as` value and it is preloaded intentionally. @ http://localhost:3001/:0
[ 2555682ms] [WARNING] The resource http://localhost:3001/_next/static/css/app/page.css?1782213823011 was preloaded using link preload but not used within a few seconds from the window's load event. Please make sure it has an appropriate `as` value and it is preloaded intentionally. @ http://localhost:3001/:0
[ 2555682ms] [WARNING] The resource http://localhost:3001/_next/static/css/app/page.css?1782213871261 was preloaded using link preload but not used within a few seconds from the window's load event. Please make sure it has an appropriate `as` value and it is preloaded intentionally. @ http://localhost:3001/:0
[ 2555682ms] [WARNING] The resource http://localhost:3001/_next/static/css/app/layout.css?1782213706234 was preloaded using link preload but not used within a few seconds from the window's load event. Please make sure it has an appropriate `as` value and it is preloaded intentionally. @ http://localhost:3001/:0
[ 2555682ms] [WARNING] The resource http://localhost:3001/_next/static/css/app/layout.css?1782213823011 was preloaded using link preload but not used within a few seconds from the window's load event. Please make sure it has an appropriate `as` value and it is preloaded intentionally. @ http://localhost:3001/:0
[ 2555682ms] [WARNING] The resource http://localhost:3001/_next/static/css/app/layout.css?1782213701436 was preloaded using link preload but not used within a few seconds from the window's load event. Please make sure it has an appropriate `as` value and it is preloaded intentionally. @ http://localhost:3001/:0
[ 2555682ms] [WARNING] The resource http://localhost:3001/_next/static/css/app/page.css?1782213871259 was preloaded using link preload but not used within a few seconds from the window's load event. Please make sure it has an appropriate `as` value and it is preloaded intentionally. @ http://localhost:3001/:0
[ 2555682ms] [WARNING] The resource http://localhost:3001/_next/static/css/app/page.css?1782213813086 was preloaded using link preload but not used within a few seconds from the window's load event. Please make sure it has an appropriate `as` value and it is preloaded intentionally. @ http://localhost:3001/:0
[ 2555682ms] [WARNING] The resource http://localhost:3001/_next/static/css/app/page.css?1782213871260 was preloaded using link preload but not used within a few seconds from the window's load event. Please make sure it has an appropriate `as` value and it is preloaded intentionally. @ http://localhost:3001/:0
[ 2555682ms] [WARNING] The resource http://localhost:3001/_next/static/css/app/page.css?1782213706234 was preloaded using link preload but not used within a few seconds from the window's load event. Please make sure it has an appropriate `as` value and it is preloaded intentionally. @ http://localhost:3001/:0
[ 2555682ms] [WARNING] The resource http://localhost:3001/_next/static/css/app/layout.css?1782213823010 was preloaded using link preload but not used within a few seconds from the window's load event. Please make sure it has an appropriate `as` value and it is preloaded intentionally. @ http://localhost:3001/:0
[ 2555682ms] [WARNING] The resource http://localhost:3001/_next/static/css/app/layout.css?1782213690252 was preloaded using link preload but not used within a few seconds from the window's load event. Please make sure it has an appropriate `as` value and it is preloaded intentionally. @ http://localhost:3001/:0
[ 2555682ms] [WARNING] The resource http://localhost:3001/_next/static/css/app/page.css?1782213862418 was preloaded using link preload but not used within a few seconds from the window's load event. Please make sure it has an appropriate `as` value and it is preloaded intentionally. @ http://localhost:3001/:0
[ 2555682ms] [WARNING] The resource http://localhost:3001/_next/static/css/app/layout.css?1782213800318 was preloaded using link preload but not used within a few seconds from the window's load event. Please make sure it has an appropriate `as` value and it is preloaded intentionally. @ http://localhost:3001/:0
[ 2555682ms] [WARNING] The resource http://localhost:3001/_next/static/css/app/layout.css?1782213823013 was preloaded using link preload but not used within a few seconds from the window's load event. Please make sure it has an appropriate `as` value and it is preloaded intentionally. @ http://localhost:3001/:0
[ 2555682ms] [WARNING] The resource http://localhost:3001/_next/static/css/app/page.css?1782213800319 was preloaded using link preload but not used within a few seconds from the window's load event. Please make sure it has an appropriate `as` value and it is preloaded intentionally. @ http://localhost:3001/:0
[ 2555682ms] [WARNING] The resource http://localhost:3001/_next/static/css/app/layout.css?1782213800319 was preloaded using link preload but not used within a few seconds from the window's load event. Please make sure it has an appropriate `as` value and it is preloaded intentionally. @ http://localhost:3001/:0
[ 2555682ms] [WARNING] The resource http://localhost:3001/_next/static/css/app/layout.css?1782213871260 was preloaded using link preload but not used within a few seconds from the window's load event. Please make sure it has an appropriate `as` value and it is preloaded intentionally. @ http://localhost:3001/:0
[ 2555682ms] [WARNING] The resource http://localhost:3001/_next/static/css/app/page.css?1782213706233 was preloaded using link preload but not used within a few seconds from the window's load event. Please make sure it has an appropriate `as` value and it is preloaded intentionally. @ http://localhost:3001/:0
[ 2555682ms] [WARNING] The resource http://localhost:3001/_next/static/css/app/page.css?1782213701436 was preloaded using link preload but not used within a few seconds from the window's load event. Please make sure it has an appropriate `as` value and it is preloaded intentionally. @ http://localhost:3001/:0
[ 2555682ms] [WARNING] The resource http://localhost:3001/_next/static/css/app/layout.css?1782213706233 was preloaded using link preload but not used within a few seconds from the window's load event. Please make sure it has an appropriate `as` value and it is preloaded intentionally. @ http://localhost:3001/:0
[ 2559133ms] [LOG] [Fast Refresh] rebuilding @ webpack-internal:///(app-pages-browser)/./node_modules/next/dist/client/dev/hot-reloader/app/hot-reloader-app.js:196
[ 2559604ms] [LOG] [Fast Refresh] done in 470ms @ webpack-internal:///(app-pages-browser)/./node_modules/next/dist/client/dev/report-hmr-latency.js:13
[ 2559639ms] [LOG] [HMR] Detected local css modules. Reload all css @ webpack-internal:///(app-pages-browser)/./node_modules/next/dist/compiled/mini-css-extract-plugin/hmr/hotModuleReplacement.js:1
[ 2563319ms] [WARNING] The resource http://localhost:3001/_next/static/css/app/page.css?1782213878811 was preloaded using link preload but not used within a few seconds from the window's load event. Please make sure it has an appropriate `as` value and it is preloaded intentionally. @ http://localhost:3001/:0
[ 2563320ms] [WARNING] The resource http://localhost:3001/_next/static/css/app/page.css?1782213878812 was preloaded using link preload but not used within a few seconds from the window's load event. Please make sure it has an appropriate `as` value and it is preloaded intentionally. @ http://localhost:3001/:0
[ 2563320ms] [WARNING] The resource http://localhost:3001/_next/static/css/app/page.css?1782213823012 was preloaded using link preload but not used within a few seconds from the window's load event. Please make sure it has an appropriate `as` value and it is preloaded intentionally. @ http://localhost:3001/:0
[ 2563320ms] [WARNING] The resource http://localhost:3001/_next/static/css/app/layout.css?1782213871259 was preloaded using link preload but not used within a few seconds from the window's load event. Please make sure it has an appropriate `as` value and it is preloaded intentionally. @ http://localhost:3001/:0
[ 2563320ms] [WARNING] The resource http://localhost:3001/_next/static/css/app/page.css?1782213823013 was preloaded using link preload but not used within a few seconds from the window's load event. Please make sure it has an appropriate `as` value and it is preloaded intentionally. @ http://localhost:3001/:0
[ 2563320ms] [WARNING] The resource http://localhost:3001/_next/static/css/app/layout.css?1782213862418 was preloaded using link preload but not used within a few seconds from the window's load event. Please make sure it has an appropriate `as` value and it is preloaded intentionally. @ http://localhost:3001/:0
[ 2563320ms] [WARNING] The resource http://localhost:3001/_next/static/css/app/layout.css?1782213871261 was preloaded using link preload but not used within a few seconds from the window's load event. Please make sure it has an appropriate `as` value and it is preloaded intentionally. @ http://localhost:3001/:0
[ 2563320ms] [WARNING] The resource http://localhost:3001/_next/static/css/app/page.css?1782213690253 was preloaded using link preload but not used within a few seconds from the window's load event. Please make sure it has an appropriate `as` value and it is preloaded intentionally. @ http://localhost:3001/:0
[ 2563320ms] [WARNING] The resource http://localhost:3001/_next/static/css/app/layout.css?1782213823012 was preloaded using link preload but not used within a few seconds from the window's load event. Please make sure it has an appropriate `as` value and it is preloaded intentionally. @ http://localhost:3001/:0
[ 2563320ms] [WARNING] The resource http://localhost:3001/_next/static/css/app/layout.css?1782213813086 was preloaded using link preload but not used within a few seconds from the window's load event. Please make sure it has an appropriate `as` value and it is preloaded intentionally. @ http://localhost:3001/:0
[ 2563320ms] [WARNING] The resource http://localhost:3001/_next/static/css/app/page.css?1782213823011 was preloaded using link preload but not used within a few seconds from the window's load event. Please make sure it has an appropriate `as` value and it is preloaded intentionally. @ http://localhost:3001/:0
[ 2563320ms] [WARNING] The resource http://localhost:3001/_next/static/css/app/page.css?1782213871261 was preloaded using link preload but not used within a few seconds from the window's load event. Please make sure it has an appropriate `as` value and it is preloaded intentionally. @ http://localhost:3001/:0
[ 2563320ms] [WARNING] The resource http://localhost:3001/_next/static/css/app/layout.css?1782213706234 was preloaded using link preload but not used within a few seconds from the window's load event. Please make sure it has an appropriate `as` value and it is preloaded intentionally. @ http://localhost:3001/:0
[ 2563320ms] [WARNING] The resource http://localhost:3001/_next/static/css/app/layout.css?1782213823011 was preloaded using link preload but not used within a few seconds from the window's load event. Please make sure it has an appropriate `as` value and it is preloaded intentionally. @ http://localhost:3001/:0
[ 2563320ms] [WARNING] The resource http://localhost:3001/_next/static/css/app/layout.css?1782213701436 was preloaded using link preload but not used within a few seconds from the window's load event. Please make sure it has an appropriate `as` value and it is preloaded intentionally. @ http://localhost:3001/:0
[ 2563320ms] [WARNING] The resource http://localhost:3001/_next/static/css/app/layout.css?1782213878812 was preloaded using link preload but not used within a few seconds from the window's load event. Please make sure it has an appropriate `as` value and it is preloaded intentionally. @ http://localhost:3001/:0
[ 2563320ms] [WARNING] The resource http://localhost:3001/_next/static/css/app/page.css?1782213871259 was preloaded using link preload but not used within a few seconds from the window's load event. Please make sure it has an appropriate `as` value and it is preloaded intentionally. @ http://localhost:3001/:0
[ 2563320ms] [WARNING] The resource http://localhost:3001/_next/static/css/app/page.css?1782213813086 was preloaded using link preload but not used within a few seconds from the window's load event. Please make sure it has an appropriate `as` value and it is preloaded intentionally. @ http://localhost:3001/:0
[ 2563320ms] [WARNING] The resource http://localhost:3001/_next/static/css/app/layout.css?1782213878810 was preloaded using link preload but not used within a few seconds from the window's load event. Please make sure it has an appropriate `as` value and it is preloaded intentionally. @ http://localhost:3001/:0
[ 2563320ms] [WARNING] The resource http://localhost:3001/_next/static/css/app/page.css?1782213871260 was preloaded using link preload but not used within a few seconds from the window's load event. Please make sure it has an appropriate `as` value and it is preloaded intentionally. @ http://localhost:3001/:0
[ 2563320ms] [WARNING] The resource http://localhost:3001/_next/static/css/app/layout.css?1782213878811 was preloaded using link preload but not used within a few seconds from the window's load event. Please make sure it has an appropriate `as` value and it is preloaded intentionally. @ http://localhost:3001/:0
[ 2563320ms] [WARNING] The resource http://localhost:3001/_next/static/css/app/page.css?1782213706234 was preloaded using link preload but not used within a few seconds from the window's load event. Please make sure it has an appropriate `as` value and it is preloaded intentionally. @ http://localhost:3001/:0
[ 2563320ms] [WARNING] The resource http://localhost:3001/_next/static/css/app/layout.css?1782213823010 was preloaded using link preload but not used within a few seconds from the window's load event. Please make sure it has an appropriate `as` value and it is preloaded intentionally. @ http://localhost:3001/:0
[ 2563320ms] [WARNING] The resource http://localhost:3001/_next/static/css/app/layout.css?1782213690252 was preloaded using link preload but not used within a few seconds from the window's load event. Please make sure it has an appropriate `as` value and it is preloaded intentionally. @ http://localhost:3001/:0
[ 2563320ms] [WARNING] The resource http://localhost:3001/_next/static/css/app/page.css?1782213862418 was preloaded using link preload but not used within a few seconds from the window's load event. Please make sure it has an appropriate `as` value and it is preloaded intentionally. @ http://localhost:3001/:0
[ 2563320ms] [WARNING] The resource http://localhost:3001/_next/static/css/app/layout.css?1782213800318 was preloaded using link preload but not used within a few seconds from the window's load event. Please make sure it has an appropriate `as` value and it is preloaded intentionally. @ http://localhost:3001/:0
[ 2563320ms] [WARNING] The resource http://localhost:3001/_next/static/css/app/layout.css?1782213823013 was preloaded using link preload but not used within a few seconds from the window's load event. Please make sure it has an appropriate `as` value and it is preloaded intentionally. @ http://localhost:3001/:0
[ 2563320ms] [WARNING] The resource http://localhost:3001/_next/static/css/app/page.css?1782213800319 was preloaded using link preload but not used within a few seconds from the window's load event. Please make sure it has an appropriate `as` value and it is preloaded intentionally. @ http://localhost:3001/:0
[ 2563320ms] [WARNING] The resource http://localhost:3001/_next/static/css/app/layout.css?1782213800319 was preloaded using link preload but not used within a few seconds from the window's load event. Please make sure it has an appropriate `as` value and it is preloaded intentionally. @ http://localhost:3001/:0
[ 2563320ms] [WARNING] The resource http://localhost:3001/_next/static/css/app/layout.css?1782213871260 was preloaded using link preload but not used within a few seconds from the window's load event. Please make sure it has an appropriate `as` value and it is preloaded intentionally. @ http://localhost:3001/:0
[ 2563320ms] [WARNING] The resource http://localhost:3001/_next/static/css/app/page.css?1782213706233 was preloaded using link preload but not used within a few seconds from the window's load event. Please make sure it has an appropriate `as` value and it is preloaded intentionally. @ http://localhost:3001/:0
[ 2563320ms] [WARNING] The resource http://localhost:3001/_next/static/css/app/page.css?1782213701436 was preloaded using link preload but not used within a few seconds from the window's load event. Please make sure it has an appropriate `as` value and it is preloaded intentionally. @ http://localhost:3001/:0
[ 2563321ms] [WARNING] The resource http://localhost:3001/_next/static/css/app/layout.css?1782213706233 was preloaded using link preload but not used within a few seconds from the window's load event. Please make sure it has an appropriate `as` value and it is preloaded intentionally. @ http://localhost:3001/:0
[ 2599854ms] [LOG] [Fast Refresh] rebuilding @ webpack-internal:///(app-pages-browser)/./node_modules/next/dist/client/dev/hot-reloader/app/hot-reloader-app.js:196
[ 2602759ms] [LOG] [Fast Refresh] done in 2904ms @ webpack-internal:///(app-pages-browser)/./node_modules/next/dist/client/dev/report-hmr-latency.js:13
[ 2606806ms] [WARNING] The resource http://localhost:3001/_next/static/css/app/page.css?1782213878811 was preloaded using link preload but not used within a few seconds from the window's load event. Please make sure it has an appropriate `as` value and it is preloaded intentionally. @ http://localhost:3001/:0
[ 2606806ms] [WARNING] The resource http://localhost:3001/_next/static/css/app/page.css?1782213878812 was preloaded using link preload but not used within a few seconds from the window's load event. Please make sure it has an appropriate `as` value and it is preloaded intentionally. @ http://localhost:3001/:0
[ 2606806ms] [WARNING] The resource http://localhost:3001/_next/static/css/app/page.css?1782213823012 was preloaded using link preload but not used within a few seconds from the window's load event. Please make sure it has an appropriate `as` value and it is preloaded intentionally. @ http://localhost:3001/:0
[ 2606806ms] [WARNING] The resource http://localhost:3001/_next/static/css/app/layout.css?1782213871259 was preloaded using link preload but not used within a few seconds from the window's load event. Please make sure it has an appropriate `as` value and it is preloaded intentionally. @ http://localhost:3001/:0
[ 2606806ms] [WARNING] The resource http://localhost:3001/_next/static/css/app/page.css?1782213823013 was preloaded using link preload but not used within a few seconds from the window's load event. Please make sure it has an appropriate `as` value and it is preloaded intentionally. @ http://localhost:3001/:0
[ 2606806ms] [WARNING] The resource http://localhost:3001/_next/static/css/app/layout.css?1782213862418 was preloaded using link preload but not used within a few seconds from the window's load event. Please make sure it has an appropriate `as` value and it is preloaded intentionally. @ http://localhost:3001/:0
[ 2606806ms] [WARNING] The resource http://localhost:3001/_next/static/css/app/layout.css?1782213871261 was preloaded using link preload but not used within a few seconds from the window's load event. Please make sure it has an appropriate `as` value and it is preloaded intentionally. @ http://localhost:3001/:0
[ 2606806ms] [WARNING] The resource http://localhost:3001/_next/static/css/app/page.css?1782213690253 was preloaded using link preload but not used within a few seconds from the window's load event. Please make sure it has an appropriate `as` value and it is preloaded intentionally. @ http://localhost:3001/:0
[ 2606806ms] [WARNING] The resource http://localhost:3001/_next/static/css/app/layout.css?1782213823012 was preloaded using link preload but not used within a few seconds from the window's load event. Please make sure it has an appropriate `as` value and it is preloaded intentionally. @ http://localhost:3001/:0
[ 2606806ms] [WARNING] The resource http://localhost:3001/_next/static/css/app/layout.css?1782213813086 was preloaded using link preload but not used within a few seconds from the window's load event. Please make sure it has an appropriate `as` value and it is preloaded intentionally. @ http://localhost:3001/:0
[ 2606806ms] [WARNING] The resource http://localhost:3001/_next/static/css/app/page.css?1782213823011 was preloaded using link preload but not used within a few seconds from the window's load event. Please make sure it has an appropriate `as` value and it is preloaded intentionally. @ http://localhost:3001/:0
[ 2606806ms] [WARNING] The resource http://localhost:3001/_next/static/css/app/page.css?1782213871261 was preloaded using link preload but not used within a few seconds from the window's load event. Please make sure it has an appropriate `as` value and it is preloaded intentionally. @ http://localhost:3001/:0
[ 2606806ms] [WARNING] The resource http://localhost:3001/_next/static/css/app/layout.css?1782213706234 was preloaded using link preload but not used within a few seconds from the window's load event. Please make sure it has an appropriate `as` value and it is preloaded intentionally. @ http://localhost:3001/:0
[ 2606806ms] [WARNING] The resource http://localhost:3001/_next/static/css/app/layout.css?1782213823011 was preloaded using link preload but not used within a few seconds from the window's load event. Please make sure it has an appropriate `as` value and it is preloaded intentionally. @ http://localhost:3001/:0
[ 2606806ms] [WARNING] The resource http://localhost:3001/_next/static/css/app/layout.css?1782213701436 was preloaded using link preload but not used within a few seconds from the window's load event. Please make sure it has an appropriate `as` value and it is preloaded intentionally. @ http://localhost:3001/:0
[ 2606806ms] [WARNING] The resource http://localhost:3001/_next/static/css/app/layout.css?1782213878812 was preloaded using link preload but not used within a few seconds from the window's load event. Please make sure it has an appropriate `as` value and it is preloaded intentionally. @ http://localhost:3001/:0
[ 2606806ms] [WARNING] The resource http://localhost:3001/_next/static/css/app/page.css?1782213871259 was preloaded using link preload but not used within a few seconds from the window's load event. Please make sure it has an appropriate `as` value and it is preloaded intentionally. @ http://localhost:3001/:0
[ 2606806ms] [WARNING] The resource http://localhost:3001/_next/static/css/app/page.css?1782213813086 was preloaded using link preload but not used within a few seconds from the window's load event. Please make sure it has an appropriate `as` value and it is preloaded intentionally. @ http://localhost:3001/:0
[ 2606807ms] [WARNING] The resource http://localhost:3001/_next/static/css/app/layout.css?1782213878810 was preloaded using link preload but not used within a few seconds from the window's load event. Please make sure it has an appropriate `as` value and it is preloaded intentionally. @ http://localhost:3001/:0
[ 2606807ms] [WARNING] The resource http://localhost:3001/_next/static/css/app/page.css?1782213871260 was preloaded using link preload but not used within a few seconds from the window's load event. Please make sure it has an appropriate `as` value and it is preloaded intentionally. @ http://localhost:3001/:0
[ 2606807ms] [WARNING] The resource http://localhost:3001/_next/static/css/app/layout.css?1782213878811 was preloaded using link preload but not used within a few seconds from the window's load event. Please make sure it has an appropriate `as` value and it is preloaded intentionally. @ http://localhost:3001/:0
[ 2606807ms] [WARNING] The resource http://localhost:3001/_next/static/css/app/page.css?1782213706234 was preloaded using link preload but not used within a few seconds from the window's load event. Please make sure it has an appropriate `as` value and it is preloaded intentionally. @ http://localhost:3001/:0
[ 2606807ms] [WARNING] The resource http://localhost:3001/_next/static/css/app/layout.css?1782213823010 was preloaded using link preload but not used within a few seconds from the window's load event. Please make sure it has an appropriate `as` value and it is preloaded intentionally. @ http://localhost:3001/:0
[ 2606807ms] [WARNING] The resource http://localhost:3001/_next/static/css/app/layout.css?1782213690252 was preloaded using link preload but not used within a few seconds from the window's load event. Please make sure it has an appropriate `as` value and it is preloaded intentionally. @ http://localhost:3001/:0
[ 2606807ms] [WARNING] The resource http://localhost:3001/_next/static/css/app/page.css?1782213862418 was preloaded using link preload but not used within a few seconds from the window's load event. Please make sure it has an appropriate `as` value and it is preloaded intentionally. @ http://localhost:3001/:0
[ 2606807ms] [WARNING] The resource http://localhost:3001/_next/static/css/app/layout.css?1782213800318 was preloaded using link preload but not used within a few seconds from the window's load event. Please make sure it has an appropriate `as` value and it is preloaded intentionally. @ http://localhost:3001/:0
[ 2606807ms] [WARNING] The resource http://localhost:3001/_next/static/css/app/layout.css?1782213823013 was preloaded using link preload but not used within a few seconds from the window's load event. Please make sure it has an appropriate `as` value and it is preloaded intentionally. @ http://localhost:3001/:0
[ 2606807ms] [WARNING] The resource http://localhost:3001/_next/static/css/app/page.css?1782213800319 was preloaded using link preload but not used within a few seconds from the window's load event. Please make sure it has an appropriate `as` value and it is preloaded intentionally. @ http://localhost:3001/:0
[ 2606807ms] [WARNING] The resource http://localhost:3001/_next/static/css/app/layout.css?1782213800319 was preloaded using link preload but not used within a few seconds from the window's load event. Please make sure it has an appropriate `as` value and it is preloaded intentionally. @ http://localhost:3001/:0
[ 2606807ms] [WARNING] The resource http://localhost:3001/_next/static/css/app/layout.css?1782213871260 was preloaded using link preload but not used within a few seconds from the window's load event. Please make sure it has an appropriate `as` value and it is preloaded intentionally. @ http://localhost:3001/:0
[ 2606807ms] [WARNING] The resource http://localhost:3001/_next/static/css/app/page.css?1782213706233 was preloaded using link preload but not used within a few seconds from the window's load event. Please make sure it has an appropriate `as` value and it is preloaded intentionally. @ http://localhost:3001/:0
[ 2606807ms] [WARNING] The resource http://localhost:3001/_next/static/css/app/page.css?1782213701436 was preloaded using link preload but not used within a few seconds from the window's load event. Please make sure it has an appropriate `as` value and it is preloaded intentionally. @ http://localhost:3001/:0
[ 2606807ms] [WARNING] The resource http://localhost:3001/_next/static/css/app/layout.css?1782213706233 was preloaded using link preload but not used within a few seconds from the window's load event. Please make sure it has an appropriate `as` value and it is preloaded intentionally. @ http://localhost:3001/:0
