[    2614ms] [INFO] %cDownload the React DevTools for a better development experience: https://react.dev/link/react-devtools font-weight:bold @ webpack-internal:///(app-pages-browser)/./node_modules/next/dist/compiled/react-dom/cjs/react-dom-client.development.js:25630
[  102464ms] [LOG] [Fast Refresh] rebuilding @ webpack-internal:///(app-pages-browser)/./node_modules/next/dist/client/dev/hot-reloader/app/hot-reloader-app.js:196
[  104613ms] [LOG] [Fast Refresh] done in 2151ms @ webpack-internal:///(app-pages-browser)/./node_modules/next/dist/client/dev/report-hmr-latency.js:13
[  104629ms] [LOG] [HMR] Detected local css modules. Reload all css @ webpack-internal:///(app-pages-browser)/./node_modules/next/dist/compiled/mini-css-extract-plugin/hmr/hotModuleReplacement.js:1
[  111494ms] [LOG] [Fast Refresh] rebuilding @ webpack-internal:///(app-pages-browser)/./node_modules/next/dist/client/dev/hot-reloader/app/hot-reloader-app.js:196
[  112727ms] [LOG] [Fast Refresh] done in 1233ms @ webpack-internal:///(app-pages-browser)/./node_modules/next/dist/client/dev/report-hmr-latency.js:13
[  112735ms] [LOG] [HMR] Detected local css modules. Reload all css @ webpack-internal:///(app-pages-browser)/./node_modules/next/dist/compiled/mini-css-extract-plugin/hmr/hotModuleReplacement.js:1
[  116248ms] [WARNING] The resource http://localhost:3000/_next/static/css/app/page.css?1782301049584 was preloaded using link preload but not used within a few seconds from the window's load event. Please make sure it has an appropriate `as` value and it is preloaded intentionally. @ http://localhost:3000/:0
[  116248ms] [WARNING] The resource http://localhost:3000/_next/static/css/app/layout.css?1782301049583 was preloaded using link preload but not used within a few seconds from the window's load event. Please make sure it has an appropriate `as` value and it is preloaded intentionally. @ http://localhost:3000/:0
[  120134ms] [LOG] [Fast Refresh] rebuilding @ webpack-internal:///(app-pages-browser)/./node_modules/next/dist/client/dev/hot-reloader/app/hot-reloader-app.js:196
[  121695ms] [LOG] [Fast Refresh] done in 1560ms @ webpack-internal:///(app-pages-browser)/./node_modules/next/dist/client/dev/report-hmr-latency.js:13
[  124705ms] [WARNING] The resource http://localhost:3000/_next/static/css/app/page.css?1782301049584 was preloaded using link preload but not used within a few seconds from the window's load event. Please make sure it has an appropriate `as` value and it is preloaded intentionally. @ http://localhost:3000/:0
[  124705ms] [WARNING] The resource http://localhost:3000/_next/static/css/app/layout.css?1782301049583 was preloaded using link preload but not used within a few seconds from the window's load event. Please make sure it has an appropriate `as` value and it is preloaded intentionally. @ http://localhost:3000/:0
[  127297ms] [LOG] [Fast Refresh] rebuilding @ webpack-internal:///(app-pages-browser)/./node_modules/next/dist/client/dev/hot-reloader/app/hot-reloader-app.js:196
[  127716ms] [LOG] [Fast Refresh] done in 420ms @ webpack-internal:///(app-pages-browser)/./node_modules/next/dist/client/dev/report-hmr-latency.js:13
[  130726ms] [WARNING] The resource http://localhost:3000/_next/static/css/app/page.css?1782301049584 was preloaded using link preload but not used within a few seconds from the window's load event. Please make sure it has an appropriate `as` value and it is preloaded intentionally. @ http://localhost:3000/:0
[  130726ms] [WARNING] The resource http://localhost:3000/_next/static/css/app/layout.css?1782301049583 was preloaded using link preload but not used within a few seconds from the window's load event. Please make sure it has an appropriate `as` value and it is preloaded intentionally. @ http://localhost:3000/:0
[  235000ms] [LOG] [Fast Refresh] rebuilding @ webpack-internal:///(app-pages-browser)/./node_modules/next/dist/client/dev/hot-reloader/app/hot-reloader-app.js:196
[  236568ms] [LOG] [Fast Refresh] done in 1568ms @ webpack-internal:///(app-pages-browser)/./node_modules/next/dist/client/dev/report-hmr-latency.js:13
[  236590ms] [LOG] [HMR] Detected local css modules. Reload all css @ webpack-internal:///(app-pages-browser)/./node_modules/next/dist/compiled/mini-css-extract-plugin/hmr/hotModuleReplacement.js:1
[  240087ms] [WARNING] The resource http://localhost:3000/_next/static/css/app/layout.css?1782301049583 was preloaded using link preload but not used within a few seconds from the window's load event. Please make sure it has an appropriate `as` value and it is preloaded intentionally. @ http://localhost:3000/:0
[  240087ms] [WARNING] The resource http://localhost:3000/_next/static/css/app/page.css?1782301173438 was preloaded using link preload but not used within a few seconds from the window's load event. Please make sure it has an appropriate `as` value and it is preloaded intentionally. @ http://localhost:3000/:0
[  240087ms] [WARNING] The resource http://localhost:3000/_next/static/css/app/layout.css?1782301173438 was preloaded using link preload but not used within a few seconds from the window's load event. Please make sure it has an appropriate `as` value and it is preloaded intentionally. @ http://localhost:3000/:0
[  240087ms] [WARNING] The resource http://localhost:3000/_next/static/css/app/page.css?1782301049584 was preloaded using link preload but not used within a few seconds from the window's load event. Please make sure it has an appropriate `as` value and it is preloaded intentionally. @ http://localhost:3000/:0
[  245171ms] [LOG] [Fast Refresh] rebuilding @ webpack-internal:///(app-pages-browser)/./node_modules/next/dist/client/dev/hot-reloader/app/hot-reloader-app.js:196
[  246090ms] [LOG] [Fast Refresh] done in 919ms @ webpack-internal:///(app-pages-browser)/./node_modules/next/dist/client/dev/report-hmr-latency.js:13
[  246095ms] [LOG] [HMR] Detected local css modules. Reload all css @ webpack-internal:///(app-pages-browser)/./node_modules/next/dist/compiled/mini-css-extract-plugin/hmr/hotModuleReplacement.js:1
[  249702ms] [WARNING] The resource http://localhost:3000/_next/static/css/app/page.css?1782301182945 was preloaded using link preload but not used within a few seconds from the window's load event. Please make sure it has an appropriate `as` value and it is preloaded intentionally. @ http://localhost:3000/:0
[  249702ms] [WARNING] The resource http://localhost:3000/_next/static/css/app/layout.css?1782301182944 was preloaded using link preload but not used within a few seconds from the window's load event. Please make sure it has an appropriate `as` value and it is preloaded intentionally. @ http://localhost:3000/:0
[  249702ms] [WARNING] The resource http://localhost:3000/_next/static/css/app/layout.css?1782301182945 was preloaded using link preload but not used within a few seconds from the window's load event. Please make sure it has an appropriate `as` value and it is preloaded intentionally. @ http://localhost:3000/:0
[  249702ms] [WARNING] The resource http://localhost:3000/_next/static/css/app/page.css?1782301182946 was preloaded using link preload but not used within a few seconds from the window's load event. Please make sure it has an appropriate `as` value and it is preloaded intentionally. @ http://localhost:3000/:0
[  249702ms] [WARNING] The resource http://localhost:3000/_next/static/css/app/layout.css?1782301049583 was preloaded using link preload but not used within a few seconds from the window's load event. Please make sure it has an appropriate `as` value and it is preloaded intentionally. @ http://localhost:3000/:0
[  249702ms] [WARNING] The resource http://localhost:3000/_next/static/css/app/page.css?1782301182944 was preloaded using link preload but not used within a few seconds from the window's load event. Please make sure it has an appropriate `as` value and it is preloaded intentionally. @ http://localhost:3000/:0
[  249702ms] [WARNING] The resource http://localhost:3000/_next/static/css/app/page.css?1782301173438 was preloaded using link preload but not used within a few seconds from the window's load event. Please make sure it has an appropriate `as` value and it is preloaded intentionally. @ http://localhost:3000/:0
[  249702ms] [WARNING] The resource http://localhost:3000/_next/static/css/app/layout.css?1782301173438 was preloaded using link preload but not used within a few seconds from the window's load event. Please make sure it has an appropriate `as` value and it is preloaded intentionally. @ http://localhost:3000/:0
[  249702ms] [WARNING] The resource http://localhost:3000/_next/static/css/app/page.css?1782301049584 was preloaded using link preload but not used within a few seconds from the window's load event. Please make sure it has an appropriate `as` value and it is preloaded intentionally. @ http://localhost:3000/:0
[  249702ms] [WARNING] The resource http://localhost:3000/_next/static/css/app/layout.css?1782301182943 was preloaded using link preload but not used within a few seconds from the window's load event. Please make sure it has an appropriate `as` value and it is preloaded intentionally. @ http://localhost:3000/:0
[  255402ms] [LOG] [Fast Refresh] rebuilding @ webpack-internal:///(app-pages-browser)/./node_modules/next/dist/client/dev/hot-reloader/app/hot-reloader-app.js:196
[  255948ms] [LOG] [Fast Refresh] done in 545ms @ webpack-internal:///(app-pages-browser)/./node_modules/next/dist/client/dev/report-hmr-latency.js:13
[  258956ms] [WARNING] The resource http://localhost:3000/_next/static/css/app/page.css?1782301182945 was preloaded using link preload but not used within a few seconds from the window's load event. Please make sure it has an appropriate `as` value and it is preloaded intentionally. @ http://localhost:3000/:0
[  258957ms] [WARNING] The resource http://localhost:3000/_next/static/css/app/layout.css?1782301182944 was preloaded using link preload but not used within a few seconds from the window's load event. Please make sure it has an appropriate `as` value and it is preloaded intentionally. @ http://localhost:3000/:0
[  258957ms] [WARNING] The resource http://localhost:3000/_next/static/css/app/layout.css?1782301182945 was preloaded using link preload but not used within a few seconds from the window's load event. Please make sure it has an appropriate `as` value and it is preloaded intentionally. @ http://localhost:3000/:0
[  258957ms] [WARNING] The resource http://localhost:3000/_next/static/css/app/page.css?1782301182946 was preloaded using link preload but not used within a few seconds from the window's load event. Please make sure it has an appropriate `as` value and it is preloaded intentionally. @ http://localhost:3000/:0
[  258957ms] [WARNING] The resource http://localhost:3000/_next/static/css/app/layout.css?1782301049583 was preloaded using link preload but not used within a few seconds from the window's load event. Please make sure it has an appropriate `as` value and it is preloaded intentionally. @ http://localhost:3000/:0
[  258957ms] [WARNING] The resource http://localhost:3000/_next/static/css/app/page.css?1782301182944 was preloaded using link preload but not used within a few seconds from the window's load event. Please make sure it has an appropriate `as` value and it is preloaded intentionally. @ http://localhost:3000/:0
[  258957ms] [WARNING] The resource http://localhost:3000/_next/static/css/app/page.css?1782301173438 was preloaded using link preload but not used within a few seconds from the window's load event. Please make sure it has an appropriate `as` value and it is preloaded intentionally. @ http://localhost:3000/:0
[  258957ms] [WARNING] The resource http://localhost:3000/_next/static/css/app/layout.css?1782301173438 was preloaded using link preload but not used within a few seconds from the window's load event. Please make sure it has an appropriate `as` value and it is preloaded intentionally. @ http://localhost:3000/:0
[  258957ms] [WARNING] The resource http://localhost:3000/_next/static/css/app/page.css?1782301049584 was preloaded using link preload but not used within a few seconds from the window's load event. Please make sure it has an appropriate `as` value and it is preloaded intentionally. @ http://localhost:3000/:0
[  258957ms] [WARNING] The resource http://localhost:3000/_next/static/css/app/layout.css?1782301182943 was preloaded using link preload but not used within a few seconds from the window's load event. Please make sure it has an appropriate `as` value and it is preloaded intentionally. @ http://localhost:3000/:0
[  283632ms] [LOG] [Fast Refresh] rebuilding @ webpack-internal:///(app-pages-browser)/./node_modules/next/dist/client/dev/hot-reloader/app/hot-reloader-app.js:196
[  284419ms] [LOG] [Fast Refresh] done in 787ms @ webpack-internal:///(app-pages-browser)/./node_modules/next/dist/client/dev/report-hmr-latency.js:13
[  287438ms] [WARNING] The resource http://localhost:3000/_next/static/css/app/page.css?1782301182945 was preloaded using link preload but not used within a few seconds from the window's load event. Please make sure it has an appropriate `as` value and it is preloaded intentionally. @ http://localhost:3000/:0
[  287438ms] [WARNING] The resource http://localhost:3000/_next/static/css/app/layout.css?1782301182944 was preloaded using link preload but not used within a few seconds from the window's load event. Please make sure it has an appropriate `as` value and it is preloaded intentionally. @ http://localhost:3000/:0
[  287438ms] [WARNING] The resource http://localhost:3000/_next/static/css/app/layout.css?1782301182945 was preloaded using link preload but not used within a few seconds from the window's load event. Please make sure it has an appropriate `as` value and it is preloaded intentionally. @ http://localhost:3000/:0
[  287438ms] [WARNING] The resource http://localhost:3000/_next/static/css/app/page.css?1782301182946 was preloaded using link preload but not used within a few seconds from the window's load event. Please make sure it has an appropriate `as` value and it is preloaded intentionally. @ http://localhost:3000/:0
[  287438ms] [WARNING] The resource http://localhost:3000/_next/static/css/app/layout.css?1782301049583 was preloaded using link preload but not used within a few seconds from the window's load event. Please make sure it has an appropriate `as` value and it is preloaded intentionally. @ http://localhost:3000/:0
[  287438ms] [WARNING] The resource http://localhost:3000/_next/static/css/app/page.css?1782301182944 was preloaded using link preload but not used within a few seconds from the window's load event. Please make sure it has an appropriate `as` value and it is preloaded intentionally. @ http://localhost:3000/:0
[  287438ms] [WARNING] The resource http://localhost:3000/_next/static/css/app/page.css?1782301173438 was preloaded using link preload but not used within a few seconds from the window's load event. Please make sure it has an appropriate `as` value and it is preloaded intentionally. @ http://localhost:3000/:0
[  287438ms] [WARNING] The resource http://localhost:3000/_next/static/css/app/layout.css?1782301173438 was preloaded using link preload but not used within a few seconds from the window's load event. Please make sure it has an appropriate `as` value and it is preloaded intentionally. @ http://localhost:3000/:0
[  287438ms] [WARNING] The resource http://localhost:3000/_next/static/css/app/page.css?1782301049584 was preloaded using link preload but not used within a few seconds from the window's load event. Please make sure it has an appropriate `as` value and it is preloaded intentionally. @ http://localhost:3000/:0
[  287438ms] [WARNING] The resource http://localhost:3000/_next/static/css/app/layout.css?1782301182943 was preloaded using link preload but not used within a few seconds from the window's load event. Please make sure it has an appropriate `as` value and it is preloaded intentionally. @ http://localhost:3000/:0
[  566874ms] [LOG] [Fast Refresh] rebuilding @ webpack-internal:///(app-pages-browser)/./node_modules/next/dist/client/dev/hot-reloader/app/hot-reloader-app.js:196
[  568584ms] [LOG] [Fast Refresh] done in 1711ms @ webpack-internal:///(app-pages-browser)/./node_modules/next/dist/client/dev/report-hmr-latency.js:13
[  568593ms] [LOG] [HMR] Detected local css modules. Reload all css @ webpack-internal:///(app-pages-browser)/./node_modules/next/dist/compiled/mini-css-extract-plugin/hmr/hotModuleReplacement.js:1
[  572275ms] [WARNING] The resource http://localhost:3000/_next/static/css/app/page.css?1782301182945 was preloaded using link preload but not used within a few seconds from the window's load event. Please make sure it has an appropriate `as` value and it is preloaded intentionally. @ http://localhost:3000/:0
[  572275ms] [WARNING] The resource http://localhost:3000/_next/static/css/app/page.css?1782301505443 was preloaded using link preload but not used within a few seconds from the window's load event. Please make sure it has an appropriate `as` value and it is preloaded intentionally. @ http://localhost:3000/:0
[  572275ms] [WARNING] The resource http://localhost:3000/_next/static/css/app/page.css?1782301505446 was preloaded using link preload but not used within a few seconds from the window's load event. Please make sure it has an appropriate `as` value and it is preloaded intentionally. @ http://localhost:3000/:0
[  572275ms] [WARNING] The resource http://localhost:3000/_next/static/css/app/layout.css?1782301049583 was preloaded using link preload but not used within a few seconds from the window's load event. Please make sure it has an appropriate `as` value and it is preloaded intentionally. @ http://localhost:3000/:0
[  572275ms] [WARNING] The resource http://localhost:3000/_next/static/css/app/layout.css?1782301505443 was preloaded using link preload but not used within a few seconds from the window's load event. Please make sure it has an appropriate `as` value and it is preloaded intentionally. @ http://localhost:3000/:0
[  572275ms] [WARNING] The resource http://localhost:3000/_next/static/css/app/layout.css?1782301505442 was preloaded using link preload but not used within a few seconds from the window's load event. Please make sure it has an appropriate `as` value and it is preloaded intentionally. @ http://localhost:3000/:0
[  572275ms] [WARNING] The resource http://localhost:3000/_next/static/css/app/layout.css?1782301505444 was preloaded using link preload but not used within a few seconds from the window's load event. Please make sure it has an appropriate `as` value and it is preloaded intentionally. @ http://localhost:3000/:0
[  572276ms] [WARNING] The resource http://localhost:3000/_next/static/css/app/page.css?1782301505445 was preloaded using link preload but not used within a few seconds from the window's load event. Please make sure it has an appropriate `as` value and it is preloaded intentionally. @ http://localhost:3000/:0
[  572276ms] [WARNING] The resource http://localhost:3000/_next/static/css/app/layout.css?1782301505445 was preloaded using link preload but not used within a few seconds from the window's load event. Please make sure it has an appropriate `as` value and it is preloaded intentionally. @ http://localhost:3000/:0
[  572276ms] [WARNING] The resource http://localhost:3000/_next/static/css/app/layout.css?1782301182944 was preloaded using link preload but not used within a few seconds from the window's load event. Please make sure it has an appropriate `as` value and it is preloaded intentionally. @ http://localhost:3000/:0
[  572276ms] [WARNING] The resource http://localhost:3000/_next/static/css/app/layout.css?1782301182945 was preloaded using link preload but not used within a few seconds from the window's load event. Please make sure it has an appropriate `as` value and it is preloaded intentionally. @ http://localhost:3000/:0
[  572276ms] [WARNING] The resource http://localhost:3000/_next/static/css/app/page.css?1782301182946 was preloaded using link preload but not used within a few seconds from the window's load event. Please make sure it has an appropriate `as` value and it is preloaded intentionally. @ http://localhost:3000/:0
[  572276ms] [WARNING] The resource http://localhost:3000/_next/static/css/app/page.css?1782301505444 was preloaded using link preload but not used within a few seconds from the window's load event. Please make sure it has an appropriate `as` value and it is preloaded intentionally. @ http://localhost:3000/:0
[  572276ms] [WARNING] The resource http://localhost:3000/_next/static/css/app/page.css?1782301182944 was preloaded using link preload but not used within a few seconds from the window's load event. Please make sure it has an appropriate `as` value and it is preloaded intentionally. @ http://localhost:3000/:0
[  572276ms] [WARNING] The resource http://localhost:3000/_next/static/css/app/page.css?1782301173438 was preloaded using link preload but not used within a few seconds from the window's load event. Please make sure it has an appropriate `as` value and it is preloaded intentionally. @ http://localhost:3000/:0
[  572276ms] [WARNING] The resource http://localhost:3000/_next/static/css/app/layout.css?1782301173438 was preloaded using link preload but not used within a few seconds from the window's load event. Please make sure it has an appropriate `as` value and it is preloaded intentionally. @ http://localhost:3000/:0
[  572276ms] [WARNING] The resource http://localhost:3000/_next/static/css/app/page.css?1782301049584 was preloaded using link preload but not used within a few seconds from the window's load event. Please make sure it has an appropriate `as` value and it is preloaded intentionally. @ http://localhost:3000/:0
[  572276ms] [WARNING] The resource http://localhost:3000/_next/static/css/app/layout.css?1782301182943 was preloaded using link preload but not used within a few seconds from the window's load event. Please make sure it has an appropriate `as` value and it is preloaded intentionally. @ http://localhost:3000/:0
[  798779ms] [LOG] [Fast Refresh] rebuilding @ webpack-internal:///(app-pages-browser)/./node_modules/next/dist/client/dev/hot-reloader/app/hot-reloader-app.js:196
[  799769ms] [LOG] [Fast Refresh] done in 989ms @ webpack-internal:///(app-pages-browser)/./node_modules/next/dist/client/dev/report-hmr-latency.js:13
[  802780ms] [WARNING] The resource http://localhost:3000/_next/static/css/app/page.css?1782301182945 was preloaded using link preload but not used within a few seconds from the window's load event. Please make sure it has an appropriate `as` value and it is preloaded intentionally. @ http://localhost:3000/:0
[  802780ms] [WARNING] The resource http://localhost:3000/_next/static/css/app/page.css?1782301505443 was preloaded using link preload but not used within a few seconds from the window's load event. Please make sure it has an appropriate `as` value and it is preloaded intentionally. @ http://localhost:3000/:0
[  802780ms] [WARNING] The resource http://localhost:3000/_next/static/css/app/page.css?1782301505446 was preloaded using link preload but not used within a few seconds from the window's load event. Please make sure it has an appropriate `as` value and it is preloaded intentionally. @ http://localhost:3000/:0
[  802780ms] [WARNING] The resource http://localhost:3000/_next/static/css/app/layout.css?1782301049583 was preloaded using link preload but not used within a few seconds from the window's load event. Please make sure it has an appropriate `as` value and it is preloaded intentionally. @ http://localhost:3000/:0
[  802780ms] [WARNING] The resource http://localhost:3000/_next/static/css/app/layout.css?1782301505443 was preloaded using link preload but not used within a few seconds from the window's load event. Please make sure it has an appropriate `as` value and it is preloaded intentionally. @ http://localhost:3000/:0
[  802780ms] [WARNING] The resource http://localhost:3000/_next/static/css/app/layout.css?1782301505442 was preloaded using link preload but not used within a few seconds from the window's load event. Please make sure it has an appropriate `as` value and it is preloaded intentionally. @ http://localhost:3000/:0
[  802781ms] [WARNING] The resource http://localhost:3000/_next/static/css/app/layout.css?1782301505444 was preloaded using link preload but not used within a few seconds from the window's load event. Please make sure it has an appropriate `as` value and it is preloaded intentionally. @ http://localhost:3000/:0
[  802781ms] [WARNING] The resource http://localhost:3000/_next/static/css/app/page.css?1782301505445 was preloaded using link preload but not used within a few seconds from the window's load event. Please make sure it has an appropriate `as` value and it is preloaded intentionally. @ http://localhost:3000/:0
[  802781ms] [WARNING] The resource http://localhost:3000/_next/static/css/app/layout.css?1782301505445 was preloaded using link preload but not used within a few seconds from the window's load event. Please make sure it has an appropriate `as` value and it is preloaded intentionally. @ http://localhost:3000/:0
[  802781ms] [WARNING] The resource http://localhost:3000/_next/static/css/app/layout.css?1782301182944 was preloaded using link preload but not used within a few seconds from the window's load event. Please make sure it has an appropriate `as` value and it is preloaded intentionally. @ http://localhost:3000/:0
[  802781ms] [WARNING] The resource http://localhost:3000/_next/static/css/app/layout.css?1782301182945 was preloaded using link preload but not used within a few seconds from the window's load event. Please make sure it has an appropriate `as` value and it is preloaded intentionally. @ http://localhost:3000/:0
[  802781ms] [WARNING] The resource http://localhost:3000/_next/static/css/app/page.css?1782301182946 was preloaded using link preload but not used within a few seconds from the window's load event. Please make sure it has an appropriate `as` value and it is preloaded intentionally. @ http://localhost:3000/:0
[  802781ms] [WARNING] The resource http://localhost:3000/_next/static/css/app/page.css?1782301505444 was preloaded using link preload but not used within a few seconds from the window's load event. Please make sure it has an appropriate `as` value and it is preloaded intentionally. @ http://localhost:3000/:0
[  802781ms] [WARNING] The resource http://localhost:3000/_next/static/css/app/page.css?1782301182944 was preloaded using link preload but not used within a few seconds from the window's load event. Please make sure it has an appropriate `as` value and it is preloaded intentionally. @ http://localhost:3000/:0
[  802781ms] [WARNING] The resource http://localhost:3000/_next/static/css/app/page.css?1782301173438 was preloaded using link preload but not used within a few seconds from the window's load event. Please make sure it has an appropriate `as` value and it is preloaded intentionally. @ http://localhost:3000/:0
[  802781ms] [WARNING] The resource http://localhost:3000/_next/static/css/app/layout.css?1782301173438 was preloaded using link preload but not used within a few seconds from the window's load event. Please make sure it has an appropriate `as` value and it is preloaded intentionally. @ http://localhost:3000/:0
[  802781ms] [WARNING] The resource http://localhost:3000/_next/static/css/app/page.css?1782301049584 was preloaded using link preload but not used within a few seconds from the window's load event. Please make sure it has an appropriate `as` value and it is preloaded intentionally. @ http://localhost:3000/:0
[  802781ms] [WARNING] The resource http://localhost:3000/_next/static/css/app/layout.css?1782301182943 was preloaded using link preload but not used within a few seconds from the window's load event. Please make sure it has an appropriate `as` value and it is preloaded intentionally. @ http://localhost:3000/:0
[  812073ms] [LOG] [Fast Refresh] rebuilding @ webpack-internal:///(app-pages-browser)/./node_modules/next/dist/client/dev/hot-reloader/app/hot-reloader-app.js:196
[  812705ms] [LOG] [Fast Refresh] done in 633ms @ webpack-internal:///(app-pages-browser)/./node_modules/next/dist/client/dev/report-hmr-latency.js:13
[  815711ms] [WARNING] The resource http://localhost:3000/_next/static/css/app/page.css?1782301182945 was preloaded using link preload but not used within a few seconds from the window's load event. Please make sure it has an appropriate `as` value and it is preloaded intentionally. @ http://localhost:3000/:0
[  815711ms] [WARNING] The resource http://localhost:3000/_next/static/css/app/page.css?1782301505443 was preloaded using link preload but not used within a few seconds from the window's load event. Please make sure it has an appropriate `as` value and it is preloaded intentionally. @ http://localhost:3000/:0
[  815711ms] [WARNING] The resource http://localhost:3000/_next/static/css/app/page.css?1782301505446 was preloaded using link preload but not used within a few seconds from the window's load event. Please make sure it has an appropriate `as` value and it is preloaded intentionally. @ http://localhost:3000/:0
[  815711ms] [WARNING] The resource http://localhost:3000/_next/static/css/app/layout.css?1782301049583 was preloaded using link preload but not used within a few seconds from the window's load event. Please make sure it has an appropriate `as` value and it is preloaded intentionally. @ http://localhost:3000/:0
[  815711ms] [WARNING] The resource http://localhost:3000/_next/static/css/app/layout.css?1782301505443 was preloaded using link preload but not used within a few seconds from the window's load event. Please make sure it has an appropriate `as` value and it is preloaded intentionally. @ http://localhost:3000/:0
[  815711ms] [WARNING] The resource http://localhost:3000/_next/static/css/app/layout.css?1782301505442 was preloaded using link preload but not used within a few seconds from the window's load event. Please make sure it has an appropriate `as` value and it is preloaded intentionally. @ http://localhost:3000/:0
[  815711ms] [WARNING] The resource http://localhost:3000/_next/static/css/app/layout.css?1782301505444 was preloaded using link preload but not used within a few seconds from the window's load event. Please make sure it has an appropriate `as` value and it is preloaded intentionally. @ http://localhost:3000/:0
[  815711ms] [WARNING] The resource http://localhost:3000/_next/static/css/app/page.css?1782301505445 was preloaded using link preload but not used within a few seconds from the window's load event. Please make sure it has an appropriate `as` value and it is preloaded intentionally. @ http://localhost:3000/:0
[  815711ms] [WARNING] The resource http://localhost:3000/_next/static/css/app/layout.css?1782301505445 was preloaded using link preload but not used within a few seconds from the window's load event. Please make sure it has an appropriate `as` value and it is preloaded intentionally. @ http://localhost:3000/:0
[  815711ms] [WARNING] The resource http://localhost:3000/_next/static/css/app/layout.css?1782301182944 was preloaded using link preload but not used within a few seconds from the window's load event. Please make sure it has an appropriate `as` value and it is preloaded intentionally. @ http://localhost:3000/:0
[  815711ms] [WARNING] The resource http://localhost:3000/_next/static/css/app/layout.css?1782301182945 was preloaded using link preload but not used within a few seconds from the window's load event. Please make sure it has an appropriate `as` value and it is preloaded intentionally. @ http://localhost:3000/:0
[  815711ms] [WARNING] The resource http://localhost:3000/_next/static/css/app/page.css?1782301182946 was preloaded using link preload but not used within a few seconds from the window's load event. Please make sure it has an appropriate `as` value and it is preloaded intentionally. @ http://localhost:3000/:0
[  815711ms] [WARNING] The resource http://localhost:3000/_next/static/css/app/page.css?1782301505444 was preloaded using link preload but not used within a few seconds from the window's load event. Please make sure it has an appropriate `as` value and it is preloaded intentionally. @ http://localhost:3000/:0
[  815711ms] [WARNING] The resource http://localhost:3000/_next/static/css/app/page.css?1782301182944 was preloaded using link preload but not used within a few seconds from the window's load event. Please make sure it has an appropriate `as` value and it is preloaded intentionally. @ http://localhost:3000/:0
[  815711ms] [WARNING] The resource http://localhost:3000/_next/static/css/app/page.css?1782301173438 was preloaded using link preload but not used within a few seconds from the window's load event. Please make sure it has an appropriate `as` value and it is preloaded intentionally. @ http://localhost:3000/:0
[  815711ms] [WARNING] The resource http://localhost:3000/_next/static/css/app/layout.css?1782301173438 was preloaded using link preload but not used within a few seconds from the window's load event. Please make sure it has an appropriate `as` value and it is preloaded intentionally. @ http://localhost:3000/:0
[  815711ms] [WARNING] The resource http://localhost:3000/_next/static/css/app/page.css?1782301049584 was preloaded using link preload but not used within a few seconds from the window's load event. Please make sure it has an appropriate `as` value and it is preloaded intentionally. @ http://localhost:3000/:0
[  815711ms] [WARNING] The resource http://localhost:3000/_next/static/css/app/layout.css?1782301182943 was preloaded using link preload but not used within a few seconds from the window's load event. Please make sure it has an appropriate `as` value and it is preloaded intentionally. @ http://localhost:3000/:0
[  831749ms] [LOG] [Fast Refresh] rebuilding @ webpack-internal:///(app-pages-browser)/./node_modules/next/dist/client/dev/hot-reloader/app/hot-reloader-app.js:196
[  832413ms] [LOG] [Fast Refresh] done in 664ms @ webpack-internal:///(app-pages-browser)/./node_modules/next/dist/client/dev/report-hmr-latency.js:13
[  835420ms] [WARNING] The resource http://localhost:3000/_next/static/css/app/page.css?1782301182945 was preloaded using link preload but not used within a few seconds from the window's load event. Please make sure it has an appropriate `as` value and it is preloaded intentionally. @ http://localhost:3000/:0
[  835420ms] [WARNING] The resource http://localhost:3000/_next/static/css/app/page.css?1782301505443 was preloaded using link preload but not used within a few seconds from the window's load event. Please make sure it has an appropriate `as` value and it is preloaded intentionally. @ http://localhost:3000/:0
[  835420ms] [WARNING] The resource http://localhost:3000/_next/static/css/app/page.css?1782301505446 was preloaded using link preload but not used within a few seconds from the window's load event. Please make sure it has an appropriate `as` value and it is preloaded intentionally. @ http://localhost:3000/:0
[  835420ms] [WARNING] The resource http://localhost:3000/_next/static/css/app/layout.css?1782301049583 was preloaded using link preload but not used within a few seconds from the window's load event. Please make sure it has an appropriate `as` value and it is preloaded intentionally. @ http://localhost:3000/:0
[  835420ms] [WARNING] The resource http://localhost:3000/_next/static/css/app/layout.css?1782301505443 was preloaded using link preload but not used within a few seconds from the window's load event. Please make sure it has an appropriate `as` value and it is preloaded intentionally. @ http://localhost:3000/:0
[  835420ms] [WARNING] The resource http://localhost:3000/_next/static/css/app/layout.css?1782301505442 was preloaded using link preload but not used within a few seconds from the window's load event. Please make sure it has an appropriate `as` value and it is preloaded intentionally. @ http://localhost:3000/:0
[  835420ms] [WARNING] The resource http://localhost:3000/_next/static/css/app/layout.css?1782301505444 was preloaded using link preload but not used within a few seconds from the window's load event. Please make sure it has an appropriate `as` value and it is preloaded intentionally. @ http://localhost:3000/:0
[  835421ms] [WARNING] The resource http://localhost:3000/_next/static/css/app/page.css?1782301505445 was preloaded using link preload but not used within a few seconds from the window's load event. Please make sure it has an appropriate `as` value and it is preloaded intentionally. @ http://localhost:3000/:0
[  835421ms] [WARNING] The resource http://localhost:3000/_next/static/css/app/layout.css?1782301505445 was preloaded using link preload but not used within a few seconds from the window's load event. Please make sure it has an appropriate `as` value and it is preloaded intentionally. @ http://localhost:3000/:0
[  835421ms] [WARNING] The resource http://localhost:3000/_next/static/css/app/layout.css?1782301182944 was preloaded using link preload but not used within a few seconds from the window's load event. Please make sure it has an appropriate `as` value and it is preloaded intentionally. @ http://localhost:3000/:0
[  835421ms] [WARNING] The resource http://localhost:3000/_next/static/css/app/layout.css?1782301182945 was preloaded using link preload but not used within a few seconds from the window's load event. Please make sure it has an appropriate `as` value and it is preloaded intentionally. @ http://localhost:3000/:0
[  835421ms] [WARNING] The resource http://localhost:3000/_next/static/css/app/page.css?1782301182946 was preloaded using link preload but not used within a few seconds from the window's load event. Please make sure it has an appropriate `as` value and it is preloaded intentionally. @ http://localhost:3000/:0
[  835421ms] [WARNING] The resource http://localhost:3000/_next/static/css/app/page.css?1782301505444 was preloaded using link preload but not used within a few seconds from the window's load event. Please make sure it has an appropriate `as` value and it is preloaded intentionally. @ http://localhost:3000/:0
[  835421ms] [WARNING] The resource http://localhost:3000/_next/static/css/app/page.css?1782301182944 was preloaded using link preload but not used within a few seconds from the window's load event. Please make sure it has an appropriate `as` value and it is preloaded intentionally. @ http://localhost:3000/:0
[  835421ms] [WARNING] The resource http://localhost:3000/_next/static/css/app/page.css?1782301173438 was preloaded using link preload but not used within a few seconds from the window's load event. Please make sure it has an appropriate `as` value and it is preloaded intentionally. @ http://localhost:3000/:0
[  835421ms] [WARNING] The resource http://localhost:3000/_next/static/css/app/layout.css?1782301173438 was preloaded using link preload but not used within a few seconds from the window's load event. Please make sure it has an appropriate `as` value and it is preloaded intentionally. @ http://localhost:3000/:0
[  835421ms] [WARNING] The resource http://localhost:3000/_next/static/css/app/page.css?1782301049584 was preloaded using link preload but not used within a few seconds from the window's load event. Please make sure it has an appropriate `as` value and it is preloaded intentionally. @ http://localhost:3000/:0
[  835421ms] [WARNING] The resource http://localhost:3000/_next/static/css/app/layout.css?1782301182943 was preloaded using link preload but not used within a few seconds from the window's load event. Please make sure it has an appropriate `as` value and it is preloaded intentionally. @ http://localhost:3000/:0
[  841071ms] [LOG] [Fast Refresh] rebuilding @ webpack-internal:///(app-pages-browser)/./node_modules/next/dist/client/dev/hot-reloader/app/hot-reloader-app.js:196
[  842345ms] [LOG] [Fast Refresh] done in 1275ms @ webpack-internal:///(app-pages-browser)/./node_modules/next/dist/client/dev/report-hmr-latency.js:13
[  842353ms] [LOG] [HMR] Detected local css modules. Reload all css @ webpack-internal:///(app-pages-browser)/./node_modules/next/dist/compiled/mini-css-extract-plugin/hmr/hotModuleReplacement.js:1
[  845951ms] [WARNING] The resource http://localhost:3000/_next/static/css/app/layout.css?1782301779205 was preloaded using link preload but not used within a few seconds from the window's load event. Please make sure it has an appropriate `as` value and it is preloaded intentionally. @ http://localhost:3000/:0
[  845951ms] [WARNING] The resource http://localhost:3000/_next/static/css/app/page.css?1782301182945 was preloaded using link preload but not used within a few seconds from the window's load event. Please make sure it has an appropriate `as` value and it is preloaded intentionally. @ http://localhost:3000/:0
[  845951ms] [WARNING] The resource http://localhost:3000/_next/static/css/app/page.css?1782301505443 was preloaded using link preload but not used within a few seconds from the window's load event. Please make sure it has an appropriate `as` value and it is preloaded intentionally. @ http://localhost:3000/:0
[  845952ms] [WARNING] The resource http://localhost:3000/_next/static/css/app/page.css?1782301505446 was preloaded using link preload but not used within a few seconds from the window's load event. Please make sure it has an appropriate `as` value and it is preloaded intentionally. @ http://localhost:3000/:0
[  845952ms] [WARNING] The resource http://localhost:3000/_next/static/css/app/layout.css?1782301779204 was preloaded using link preload but not used within a few seconds from the window's load event. Please make sure it has an appropriate `as` value and it is preloaded intentionally. @ http://localhost:3000/:0
[  845952ms] [WARNING] The resource http://localhost:3000/_next/static/css/app/page.css?1782301779205 was preloaded using link preload but not used within a few seconds from the window's load event. Please make sure it has an appropriate `as` value and it is preloaded intentionally. @ http://localhost:3000/:0
[  845952ms] [WARNING] The resource http://localhost:3000/_next/static/css/app/layout.css?1782301049583 was preloaded using link preload but not used within a few seconds from the window's load event. Please make sure it has an appropriate `as` value and it is preloaded intentionally. @ http://localhost:3000/:0
[  845952ms] [WARNING] The resource http://localhost:3000/_next/static/css/app/layout.css?1782301505443 was preloaded using link preload but not used within a few seconds from the window's load event. Please make sure it has an appropriate `as` value and it is preloaded intentionally. @ http://localhost:3000/:0
[  845952ms] [WARNING] The resource http://localhost:3000/_next/static/css/app/layout.css?1782301505442 was preloaded using link preload but not used within a few seconds from the window's load event. Please make sure it has an appropriate `as` value and it is preloaded intentionally. @ http://localhost:3000/:0
[  845952ms] [WARNING] The resource http://localhost:3000/_next/static/css/app/layout.css?1782301505444 was preloaded using link preload but not used within a few seconds from the window's load event. Please make sure it has an appropriate `as` value and it is preloaded intentionally. @ http://localhost:3000/:0
[  845952ms] [WARNING] The resource http://localhost:3000/_next/static/css/app/layout.css?1782301779203 was preloaded using link preload but not used within a few seconds from the window's load event. Please make sure it has an appropriate `as` value and it is preloaded intentionally. @ http://localhost:3000/:0
[  845952ms] [WARNING] The resource http://localhost:3000/_next/static/css/app/page.css?1782301505445 was preloaded using link preload but not used within a few seconds from the window's load event. Please make sure it has an appropriate `as` value and it is preloaded intentionally. @ http://localhost:3000/:0
[  845952ms] [WARNING] The resource http://localhost:3000/_next/static/css/app/page.css?1782301779204 was preloaded using link preload but not used within a few seconds from the window's load event. Please make sure it has an appropriate `as` value and it is preloaded intentionally. @ http://localhost:3000/:0
[  845952ms] [WARNING] The resource http://localhost:3000/_next/static/css/app/layout.css?1782301505445 was preloaded using link preload but not used within a few seconds from the window's load event. Please make sure it has an appropriate `as` value and it is preloaded intentionally. @ http://localhost:3000/:0
[  845952ms] [WARNING] The resource http://localhost:3000/_next/static/css/app/layout.css?1782301182944 was preloaded using link preload but not used within a few seconds from the window's load event. Please make sure it has an appropriate `as` value and it is preloaded intentionally. @ http://localhost:3000/:0
[  845952ms] [WARNING] The resource http://localhost:3000/_next/static/css/app/page.css?1782301779203 was preloaded using link preload but not used within a few seconds from the window's load event. Please make sure it has an appropriate `as` value and it is preloaded intentionally. @ http://localhost:3000/:0
[  845952ms] [WARNING] The resource http://localhost:3000/_next/static/css/app/page.css?1782301779202 was preloaded using link preload but not used within a few seconds from the window's load event. Please make sure it has an appropriate `as` value and it is preloaded intentionally. @ http://localhost:3000/:0
[  845952ms] [WARNING] The resource http://localhost:3000/_next/static/css/app/layout.css?1782301182945 was preloaded using link preload but not used within a few seconds from the window's load event. Please make sure it has an appropriate `as` value and it is preloaded intentionally. @ http://localhost:3000/:0
[  845952ms] [WARNING] The resource http://localhost:3000/_next/static/css/app/page.css?1782301182946 was preloaded using link preload but not used within a few seconds from the window's load event. Please make sure it has an appropriate `as` value and it is preloaded intentionally. @ http://localhost:3000/:0
[  845952ms] [WARNING] The resource http://localhost:3000/_next/static/css/app/layout.css?1782301779202 was preloaded using link preload but not used within a few seconds from the window's load event. Please make sure it has an appropriate `as` value and it is preloaded intentionally. @ http://localhost:3000/:0
[  845952ms] [WARNING] The resource http://localhost:3000/_next/static/css/app/page.css?1782301505444 was preloaded using link preload but not used within a few seconds from the window's load event. Please make sure it has an appropriate `as` value and it is preloaded intentionally. @ http://localhost:3000/:0
[  845952ms] [WARNING] The resource http://localhost:3000/_next/static/css/app/page.css?1782301182944 was preloaded using link preload but not used within a few seconds from the window's load event. Please make sure it has an appropriate `as` value and it is preloaded intentionally. @ http://localhost:3000/:0
[  845952ms] [WARNING] The resource http://localhost:3000/_next/static/css/app/page.css?1782301173438 was preloaded using link preload but not used within a few seconds from the window's load event. Please make sure it has an appropriate `as` value and it is preloaded intentionally. @ http://localhost:3000/:0
[  845952ms] [WARNING] The resource http://localhost:3000/_next/static/css/app/layout.css?1782301173438 was preloaded using link preload but not used within a few seconds from the window's load event. Please make sure it has an appropriate `as` value and it is preloaded intentionally. @ http://localhost:3000/:0
[  845952ms] [WARNING] The resource http://localhost:3000/_next/static/css/app/page.css?1782301049584 was preloaded using link preload but not used within a few seconds from the window's load event. Please make sure it has an appropriate `as` value and it is preloaded intentionally. @ http://localhost:3000/:0
[  845952ms] [WARNING] The resource http://localhost:3000/_next/static/css/app/layout.css?1782301182943 was preloaded using link preload but not used within a few seconds from the window's load event. Please make sure it has an appropriate `as` value and it is preloaded intentionally. @ http://localhost:3000/:0
