[    2084ms] [INFO] %cDownload the React DevTools for a better development experience: https://react.dev/link/react-devtools font-weight:bold @ webpack-internal:///(app-pages-browser)/./node_modules/next/dist/compiled/react-dom/cjs/react-dom-client.development.js:25630
[  509467ms] [LOG] [Fast Refresh] rebuilding @ webpack-internal:///(app-pages-browser)/./node_modules/next/dist/client/dev/hot-reloader/app/hot-reloader-app.js:196
[  512409ms] [LOG] [Fast Refresh] done in 2941ms @ webpack-internal:///(app-pages-browser)/./node_modules/next/dist/client/dev/report-hmr-latency.js:13
[  558207ms] [LOG] [Fast Refresh] rebuilding @ webpack-internal:///(app-pages-browser)/./node_modules/next/dist/client/dev/hot-reloader/app/hot-reloader-app.js:196
[  558697ms] [ERROR] ./src/components/sections/Work.module.scss
Undefined variable.
    ╷
302 │   transform: rotateY(calc(var(--ci, 0) * #{$STEP}deg)) translateZ(#{$tz});
    │                                            ^^^^^
    ╵
  src\components\sections\Work.module.scss 302:44  root stylesheet

Import trace for requested module:
./src/components/sections/Work.module.scss
./src/components/sections/Work.tsx
./src/app/page.tsx @ webpack-internal:///(app-pages-browser)/./node_modules/next/dist/next-devtools/userspace/app/errors/intercept-console-error.js:56
[  558745ms] [LOG] {file: Object} @ webpack-internal:///(app-pages-browser)/./node_modules/next/dist/compiled/next-devtools/index.js:1630
[  568100ms] [ERROR] ./src/components/sections/Work.module.scss.webpack[javascript/auto]!=!./node_modules/next/dist/build/webpack/loaders/css-loader/src/index.js??ruleSet[1].rules[14].oneOf[7].use[2]!./node_modules/next/dist/build/webpack/loaders/postcss-loader/src/index.js??ruleSet[1].rules[14].oneOf[7].use[3]!./node_modules/next/dist/build/webpack/loaders/resolve-url-loader/index.js??ruleSet[1].rules[14].oneOf[7].use[4]!./node_modules/next/dist/compiled/sass-loader/cjs.js??ruleSet[1].rules[14].oneOf[7].use[5]!./src/components/sections/Work.module.scss
Undefined variable.
    ╷
302 │   transform: rotateY(calc(var(--ci, 0) * #{$STEP}deg)) translateZ(#{$tz});
    │                                            ^^^^^
    ╵
  src\components\sections\Work.module.scss 302:44  root stylesheet

Import trace for requested module:
./src/components/sections/Work.module.scss.webpack[javascript/auto]!=!./node_modules/next/dist/build/webpack/loaders/css-loader/src/index.js??ruleSet[1].rules[14].oneOf[7].use[2]!./node_modules/next/dist/build/webpack/loaders/postcss-loader/src/index.js??ruleSet[1].rules[14].oneOf[7].use[3]!./node_modules/next/dist/build/webpack/loaders/resolve-url-loader/index.js??ruleSet[1].rules[14].oneOf[7].use[4]!./node_modules/next/dist/compiled/sass-loader/cjs.js??ruleSet[1].rules[14].oneOf[7].use[5]!./src/components/sections/Work.module.scss
./src/components/sections/Work.module.scss
./src/components/sections/Work.tsx
./src/app/page.tsx @ webpack-internal:///(app-pages-browser)/./node_modules/next/dist/next-devtools/userspace/app/errors/intercept-console-error.js:56
[  568103ms] [ERROR] ./src/components/sections/Work.module.scss
Undefined variable.
    ╷
302 │   transform: rotateY(calc(var(--ci, 0) * #{$STEP}deg)) translateZ(#{$tz});
    │                                            ^^^^^
    ╵
  src\components\sections\Work.module.scss 302:44  root stylesheet
-- inner error --
Undefined variable.
    ╷
302 │   transform: rotateY(calc(var(--ci, 0) * #{$STEP}deg)) translateZ(#{$tz});
    │                                            ^^^^^
    ╵
  src\components\sections\Work.module.scss 302:44  root stylesheet
Generated code for C:\Users\HP\OneDrive\Desktop\personalwebsite\node_modules\next\dist\build\webpack\loaders\css-loader\src\index.js??ruleSet[1].rules[14].oneOf[7].use[2]!C:\Users\HP\OneDrive\Desktop\personalwebsite\node_modules\next\dist\build\webpack\loaders\postcss-loader\src\index.js??ruleSet[1].rules[14].oneOf[7].use[3]!C:\Users\HP\OneDrive\Desktop\personalwebsite\node_modules\next\dist\build\webpack\loaders\resolve-url-loader\index.js??ruleSet[1].rules[14].oneOf[7].use[4]!C:\Users\HP\OneDrive\Desktop\personalwebsite\node_modules\next\dist\compiled\sass-loader\cjs.js??ruleSet[1].rules[14].oneOf[7].use[5]!C:\Users\HP\OneDrive\Desktop\personalwebsite\src\components\sections\Work.module.scss

Import trace for requested module:
./src/components/sections/Work.module.scss
./src/components/sections/Work.tsx
./src/app/page.tsx @ webpack-internal:///(app-pages-browser)/./node_modules/next/dist/next-devtools/userspace/app/errors/intercept-console-error.js:56
[  568115ms] [LOG] {file: Object} @ webpack-internal:///(app-pages-browser)/./node_modules/next/dist/compiled/next-devtools/index.js:1630
[  568122ms] [LOG] [Fast Refresh] rebuilding @ webpack-internal:///(app-pages-browser)/./node_modules/next/dist/client/dev/hot-reloader/app/hot-reloader-app.js:196
[  570552ms] [LOG] [Fast Refresh] done in 2430ms @ webpack-internal:///(app-pages-browser)/./node_modules/next/dist/client/dev/report-hmr-latency.js:13
[  570575ms] [LOG] [HMR] Detected local css modules. Reload all css @ webpack-internal:///(app-pages-browser)/./node_modules/next/dist/compiled/mini-css-extract-plugin/hmr/hotModuleReplacement.js:1
[  575573ms] [LOG] [Fast Refresh] rebuilding @ webpack-internal:///(app-pages-browser)/./node_modules/next/dist/client/dev/hot-reloader/app/hot-reloader-app.js:196
[  576636ms] [LOG] [Fast Refresh] done in 1063ms @ webpack-internal:///(app-pages-browser)/./node_modules/next/dist/client/dev/report-hmr-latency.js:13
[  576643ms] [LOG] [HMR] Detected local css modules. Reload all css @ webpack-internal:///(app-pages-browser)/./node_modules/next/dist/compiled/mini-css-extract-plugin/hmr/hotModuleReplacement.js:1
[  580449ms] [WARNING] The resource http://localhost:3000/_next/static/css/app/layout.css?1782300708570 was preloaded using link preload but not used within a few seconds from the window's load event. Please make sure it has an appropriate `as` value and it is preloaded intentionally. @ http://localhost:3000/:0
[  580449ms] [WARNING] The resource http://localhost:3000/_next/static/css/app/page.css?1782300708571 was preloaded using link preload but not used within a few seconds from the window's load event. Please make sure it has an appropriate `as` value and it is preloaded intentionally. @ http://localhost:3000/:0
